15:43:54 **** Build of configuration Debug for project hello ****
make all 
Building file: ../src/hello.cpp
Invoking: GCC C++ Compiler
g++ -O0 -g3 -Wall -c -fmessage-length=0 -MMD -MP -MF"src/hello.d" -MT"src/hello.o" -o "src/hello.o" "../src/hello.cpp"
Finished building: ../src/hello.cpp
 
Building target: hello
Invoking: MacOS X C++ Linker
g++  -o "hello"  ./src/hello.o   
Finished building target: hello
 
15:44:26 **** Incremental Build of configuration Debug for project hello ****
make all 
make: Nothing to be done for `all'.
15:45:25 **** Incremental Build of configuration Debug for project hello ****
make all 
make: Nothing to be done for `all'.
15:47:12 **** Incremental Build of configuration Debug for project hello ****
make all 
make: Nothing to be done for `all'.
15:47:30 **** Incremental Build of configuration Debug for project hello ****
make all 
make: Nothing to be done for `all'.
15:47:38 **** Incremental Build of configuration Debug for project hello ****
make all 
make: Nothing to be done for `all'.
15:47:46 **** Incremental Build of configuration Debug for project hello ****
make all 
make: Nothing to be done for `all'.
16:49:35 **** Incremental Build of configuration Debug for project hello ****
make all 
Building file: ../src/hello.cpp
Invoking: GCC C++ Compiler
g++ -O0 -g3 -Wall -c -fmessage-length=0 -MMD -MP -MF"src/hello.d" -MT"src/hello.o" -o "src/hello.o" "../src/hello.cpp"
Finished building: ../src/hello.cpp
 
Building target: hello
Invoking: MacOS X C++ Linker
g++  -o "hello"  ./src/hello.o   
Finished building target: hello
 
16:49:48 **** Incremental Build of configuration Debug for project hello ****
make all 
make: Nothing to be done for `all'.
16:49:59 **** Incremental Build of configuration Debug for project hello ****
make all 
make: Nothing to be done for `all'.
16:50:14 **** Incremental Build of configuration Debug for project hello ****
make all 
make: Nothing to be done for `all'.
16:50:23 **** Incremental Build of configuration Debug for project hello ****
make all 
make: Nothing to be done for `all'.
16:50:28 **** Incremental Build of configuration Debug for project hello ****
make all 
make: Nothing to be done for `all'.
16:50:37 **** Incremental Build of configuration Debug for project hello ****
make all 
make: Nothing to be done for `all'.
16:50:44 **** Incremental Build of configuration Debug for project hello ****
make all 
make: Nothing to be done for `all'.
16:55:41 **** Incremental Build of configuration Debug for project hello ****
make all 
make: Nothing to be done for `all'.
16:58:47 **** Incremental Build of configuration Debug for project hello ****
make all 
Building file: ../src/hello.cpp
Invoking: GCC C++ Compiler
g++ -O0 -g3 -Wall -c -fmessage-length=0 -MMD -MP -MF"src/hello.d" -MT"src/hello.o" -o "src/hello.o" "../src/hello.cpp"
Finished building: ../src/hello.cpp
 
Building target: hello
Invoking: MacOS X C++ Linker
g++  -o "hello"  ./src/hello.o   
Finished building target: hello
 
17:19:16 **** Incremental Build of configuration Debug for project hello ****
make all 
make: Nothing to be done for `all'.
17:19:20 **** Incremental Build of configuration Debug for project hello ****
make all 
Building file: ../src/hello.cpp
Invoking: GCC C++ Compiler
g++ -O0 -g3 -Wall -c -fmessage-length=0 -MMD -MP -MF"src/hello.d" -MT"src/hello.o" -o "src/hello.o" "../src/hello.cpp"
Finished building: ../src/hello.cpp
 
Building target: hello
Invoking: MacOS X C++ Linker
g++  -o "hello"  ./src/hello.o   
Finished building target: hello
 
17:19:40 **** Incremental Build of configuration Debug for project hello ****
make all 
make: Nothing to be done for `all'.
17:24:28 **** Incremental Build of configuration Debug for project hello ****
make all 
Building file: ../src/hello.cpp
Invoking: GCC C++ Compiler
g++ -O0 -g3 -Wall -c -fmessage-length=0 -MMD -MP -MF"src/hello.d" -MT"src/hello.o" -o "src/hello.o" "../src/hello.cpp"
Finished building: ../src/hello.cpp
 
Building target: hello
Invoking: MacOS X C++ Linker
g++  -o "hello"  ./src/hello.o   
Finished building target: hello
 
17:24:59 **** Incremental Build of configuration Debug for project hello ****
make all 
make: Nothing to be done for `all'.
17:27:39 **** Incremental Build of configuration Debug for project hello ****
make all 
Building file: ../src/hello.cpp
Invoking: GCC C++ Compiler
g++ -O0 -g3 -Wall -c -fmessage-length=0 -MMD -MP -MF"src/hello.d" -MT"src/hello.o" -o "src/hello.o" "../src/hello.cpp"
Finished building: ../src/hello.cpp
 
Building target: hello
Invoking: MacOS X C++ Linker
g++  -o "hello"  ./src/hello.o   
Finished building target: hello
 
17:27:53 **** Incremental Build of configuration Debug for project hello ****
make all 
make: Nothing to be done for `all'.
17:28:02 **** Incremental Build of configuration Debug for project hello ****
make all 
make: Nothing to be done for `all'.
17:28:10 **** Incremental Build of configuration Debug for project hello ****
make all 
make: Nothing to be done for `all'.
17:31:58 **** Incremental Build of configuration Debug for project hello ****
make all 
Building file: ../src/hello.cpp
Invoking: GCC C++ Compiler
g++ -O0 -g3 -Wall -c -fmessage-length=0 -MMD -MP -MF"src/hello.d" -MT"src/hello.o" -o "src/hello.o" "../src/hello.cpp"
Finished building: ../src/hello.cpp
 
Building target: hello
Invoking: MacOS X C++ Linker
g++  -o "hello"  ./src/hello.o   
Finished building target: hello
 
17:33:48 **** Incremental Build of configuration Debug for project hello ****
make all 
Building file: ../src/hello.cpp
Invoking: GCC C++ Compiler
g++ -O0 -g3 -Wall -c -fmessage-length=0 -MMD -MP -MF"src/hello.d" -MT"src/hello.o" -o "src/hello.o" "../src/hello.cpp"
Finished building: ../src/hello.cpp
 
Building target: hello
Invoking: MacOS X C++ Linker
g++  -o "hello"  ./src/hello.o   
Finished building target: hello
 
17:33:53 **** Incremental Build of configuration Debug for project hello ****
make all 
make: Nothing to be done for `all'.
17:35:28 **** Incremental Build of configuration Debug for project hello ****
make all 
Building file: ../src/hello.cpp
Invoking: GCC C++ Compiler
g++ -O0 -g3 -Wall -c -fmessage-length=0 -MMD -MP -MF"src/hello.d" -MT"src/hello.o" -o "src/hello.o" "../src/hello.cpp"
Finished building: ../src/hello.cpp
 
Building target: hello
Invoking: MacOS X C++ Linker
g++  -o "hello"  ./src/hello.o   
Finished building target: hello
 
17:35:47 **** Incremental Build of configuration Debug for project hello ****
make all 
Building file: ../src/hello.cpp
Invoking: GCC C++ Compiler
g++ -O0 -g3 -Wall -c -fmessage-length=0 -MMD -MP -MF"src/hello.d" -MT"src/hello.o" -o "src/hello.o" "../src/hello.cpp"
Finished building: ../src/hello.cpp
 
Building target: hello
Invoking: MacOS X C++ Linker
g++  -o "hello"  ./src/hello.o   
Finished building target: hello
 
17:35:50 **** Incremental Build of configuration Debug for project hello ****
make all 
make: Nothing to be done for `all'.
17:36:20 **** Incremental Build of configuration Debug for project hello ****
make all 
Building file: ../src/hello.cpp
Invoking: GCC C++ Compiler
g++ -O0 -g3 -Wall -c -fmessage-length=0 -MMD -MP -MF"src/hello.d" -MT"src/hello.o" -o "src/hello.o" "../src/hello.cpp"
Finished building: ../src/hello.cpp
 
Building target: hello
Invoking: MacOS X C++ Linker
g++  -o "hello"  ./src/hello.o   
Finished building target: hello
 
17:37:42 **** Incremental Build of configuration Debug for project hello ****
make all 
make: Nothing to be done for `all'.
17:37:55 **** Incremental Build of configuration Debug for project hello ****
make all 
Building file: ../src/hello.cpp
Invoking: GCC C++ Compiler
g++ -O0 -g3 -Wall -c -fmessage-length=0 -MMD -MP -MF"src/hello.d" -MT"src/hello.o" -o "src/hello.o" "../src/hello.cpp"
Finished building: ../src/hello.cpp
 
Building target: hello
Invoking: MacOS X C++ Linker
g++  -o "hello"  ./src/hello.o   
Finished building target: hello
 
19:19:35 **** Build of configuration Debug for project hello ****
make all 
Building file: ../src/hello.cpp
Invoking: GCC C++ Compiler
g++ -O0 -g3 -Wall -c -fmessage-length=0 -MMD -MP -MF"src/hello.d" -MT"src/hello.o" -o "src/hello.o" "../src/hello.cpp"
Finished building: ../src/hello.cpp
 
Building target: hello
Invoking: MacOS X C++ Linker
g++  -o "hello"  ./src/hello.o   
Finished building target: hello
 
19:25:58 **** Incremental Build of configuration Debug for project hello ****
make all 
Building file: ../src/hello.cpp
Invoking: GCC C++ Compiler
g++ -O0 -g3 -Wall -c -fmessage-length=0 -MMD -MP -MF"src/hello.d" -MT"src/hello.o" -o "src/hello.o" "../src/hello.cpp"
../src/hello.cpp:9:7: warning: variable 'i' is uninitialized when used here [-Wuninitialized]
                a = i;
                    ^
../src/hello.cpp:6:25: note: initialize the variable 'i' to silence this warning
        double n, a, b, x, y, i;
                               ^
                                = 0.0
1 warning generated.
Finished building: ../src/hello.cpp
 
Building target: hello
Invoking: MacOS X C++ Linker
g++  -o "hello"  ./src/hello.o   
Finished building target: hello
 
19:26:13 **** Incremental Build of configuration Debug for project hello ****
make all 
make: Nothing to be done for `all'.
19:26:17 **** Incremental Build of configuration Debug for project hello ****
make all 
make: Nothing to be done for `all'.
19:26:34 **** Incremental Build of configuration Debug for project hello ****
make all 
make: Nothing to be done for `all'.
19:29:11 **** Incremental Build of configuration Debug for project hello ****
make all 
Building file: ../src/hello.cpp
Invoking: GCC C++ Compiler
g++ -O0 -g3 -Wall -c -fmessage-length=0 -MMD -MP -MF"src/hello.d" -MT"src/hello.o" -o "src/hello.o" "../src/hello.cpp"
Finished building: ../src/hello.cpp
 
Building target: hello
Invoking: MacOS X C++ Linker
g++  -o "hello"  ./src/hello.o   
Finished building target: hello
 
19:29:40 **** Incremental Build of configuration Debug for project hello ****
make all 
Building file: ../src/hello.cpp
Invoking: GCC C++ Compiler
g++ -O0 -g3 -Wall -c -fmessage-length=0 -MMD -MP -MF"src/hello.d" -MT"src/hello.o" -o "src/hello.o" "../src/hello.cpp"
Finished building: ../src/hello.cpp
 
Building target: hello
Invoking: MacOS X C++ Linker
g++  -o "hello"  ./src/hello.o   
Finished building target: hello
 
19:29:49 **** Incremental Build of configuration Debug for project hello ****
make all 
make: Nothing to be done for `all'.
19:29:59 **** Incremental Build of configuration Debug for project hello ****
make all 
make: Nothing to be done for `all'.
19:30:01 **** Incremental Build of configuration Debug for project hello ****
make all 
make: Nothing to be done for `all'.
19:30:08 **** Incremental Build of configuration Debug for project hello ****
make all 
make: Nothing to be done for `all'.
19:37:16 **** Incremental Build of configuration Debug for project hello ****
make all 
make: Nothing to be done for `all'.
19:37:33 **** Incremental Build of configuration Debug for project hello ****
make all 
Building file: ../src/hello.cpp
Invoking: GCC C++ Compiler
g++ -O0 -g3 -Wall -c -fmessage-length=0 -MMD -MP -MF"src/hello.d" -MT"src/hello.o" -o "src/hello.o" "../src/hello.cpp"
Finished building: ../src/hello.cpp
 
Building target: hello
Invoking: MacOS X C++ Linker
g++  -o "hello"  ./src/hello.o   
Finished building target: hello
 
19:41:27 **** Incremental Build of configuration Debug for project hello ****
make all 
Building file: ../src/hello.cpp
Invoking: GCC C++ Compiler
g++ -O0 -g3 -Wall -c -fmessage-length=0 -MMD -MP -MF"src/hello.d" -MT"src/hello.o" -o "src/hello.o" "../src/hello.cpp"
Finished building: ../src/hello.cpp
 
Building target: hello
Invoking: MacOS X C++ Linker
g++  -o "hello"  ./src/hello.o   
Finished building target: hello
 
19:41:45 **** Incremental Build of configuration Debug for project hello ****
make all 
make: Nothing to be done for `all'.
19:41:53 **** Incremental Build of configuration Debug for project hello ****
make all 
make: Nothing to be done for `all'.
19:44:25 **** Incremental Build of configuration Debug for project hello ****
make all 
Building file: ../src/hello.cpp
Invoking: GCC C++ Compiler
g++ -O0 -g3 -Wall -c -fmessage-length=0 -MMD -MP -MF"src/hello.d" -MT"src/hello.o" -o "src/hello.o" "../src/hello.cpp"
Finished building: ../src/hello.cpp
 
Building target: hello
Invoking: MacOS X C++ Linker
g++  -o "hello"  ./src/hello.o   
Finished building target: hello
 
19:44:35 **** Incremental Build of configuration Debug for project hello ****
make all 
make: Nothing to be done for `all'.
19:44:42 **** Incremental Build of configuration Debug for project hello ****
make all 
make: Nothing to be done for `all'.
19:44:46 **** Incremental Build of configuration Debug for project hello ****
make all 
make: Nothing to be done for `all'.
19:44:56 **** Incremental Build of configuration Debug for project hello ****
make all 
make: Nothing to be done for `all'.
19:51:31 **** Incremental Build of configuration Debug for project hello ****
make all 
Building file: ../src/hello.cpp
Invoking: GCC C++ Compiler
g++ -O0 -g3 -Wall -c -fmessage-length=0 -MMD -MP -MF"src/hello.d" -MT"src/hello.o" -o "src/hello.o" "../src/hello.cpp"
Finished building: ../src/hello.cpp
 
Building target: hello
Invoking: MacOS X C++ Linker
g++  -o "hello"  ./src/hello.o   
Finished building target: hello
 
19:51:37 **** Incremental Build of configuration Debug for project hello ****
make all 
make: Nothing to be done for `all'.
19:51:49 **** Incremental Build of configuration Debug for project hello ****
make all 
make: Nothing to be done for `all'.
19:51:50 **** Incremental Build of configuration Debug for project hello ****
make all 
make: Nothing to be done for `all'.
19:51:53 **** Incremental Build of configuration Debug for project hello ****
make all 
make: Nothing to be done for `all'.
19:51:56 **** Incremental Build of configuration Debug for project hello ****
make all 
make: Nothing to be done for `all'.
19:51:59 **** Incremental Build of configuration Debug for project hello ****
make all 
make: Nothing to be done for `all'.
19:53:19 **** Incremental Build of configuration Debug for project hello ****
make all 
Building file: ../src/hello.cpp
Invoking: GCC C++ Compiler
g++ -O0 -g3 -Wall -c -fmessage-length=0 -MMD -MP -MF"src/hello.d" -MT"src/hello.o" -o "src/hello.o" "../src/hello.cpp"
Finished building: ../src/hello.cpp
 
Building target: hello
Invoking: MacOS X C++ Linker
g++  -o "hello"  ./src/hello.o   
Finished building target: hello
 
19:53:21 **** Incremental Build of configuration Debug for project hello ****
make all 
make: Nothing to be done for `all'.
19:53:29 **** Incremental Build of configuration Debug for project hello ****
make all 
make: Nothing to be done for `all'.
19:53:40 **** Incremental Build of configuration Debug for project hello ****
make all 
make: Nothing to be done for `all'.
19:53:49 **** Incremental Build of configuration Debug for project hello ****
make all 
make: Nothing to be done for `all'.
19:54:19 **** Incremental Build of configuration Debug for project hello ****
make all 
Building file: ../src/hello.cpp
Invoking: GCC C++ Compiler
g++ -O0 -g3 -Wall -c -fmessage-length=0 -MMD -MP -MF"src/hello.d" -MT"src/hello.o" -o "src/hello.o" "../src/hello.cpp"
Finished building: ../src/hello.cpp
 
Building target: hello
Invoking: MacOS X C++ Linker
g++  -o "hello"  ./src/hello.o   
Finished building target: hello
 
19:55:02 **** Incremental Build of configuration Debug for project hello ****
make all 
Building file: ../src/hello.cpp
Invoking: GCC C++ Compiler
g++ -O0 -g3 -Wall -c -fmessage-length=0 -MMD -MP -MF"src/hello.d" -MT"src/hello.o" -o "src/hello.o" "../src/hello.cpp"
Finished building: ../src/hello.cpp
 
Building target: hello
Invoking: MacOS X C++ Linker
g++  -o "hello"  ./src/hello.o   
Finished building target: hello
 
19:56:02 **** Incremental Build of configuration Debug for project hello ****
make all 
Building file: ../src/hello.cpp
Invoking: GCC C++ Compiler
g++ -O0 -g3 -Wall -c -fmessage-length=0 -MMD -MP -MF"src/hello.d" -MT"src/hello.o" -o "src/hello.o" "../src/hello.cpp"
Finished building: ../src/hello.cpp
 
Building target: hello
Invoking: MacOS X C++ Linker
g++  -o "hello"  ./src/hello.o   
Finished building target: hello
 
19:56:20 **** Incremental Build of configuration Debug for project hello ****
make all 
Building file: ../src/hello.cpp
Invoking: GCC C++ Compiler
g++ -O0 -g3 -Wall -c -fmessage-length=0 -MMD -MP -MF"src/hello.d" -MT"src/hello.o" -o "src/hello.o" "../src/hello.cpp"
Finished building: ../src/hello.cpp
 
Building target: hello
Invoking: MacOS X C++ Linker
g++  -o "hello"  ./src/hello.o   
Finished building target: hello
 
19:56:39 **** Incremental Build of configuration Debug for project hello ****
make all 
make: Nothing to be done for `all'.
19:56:43 **** Incremental Build of configuration Debug for project hello ****
make all 
make: Nothing to be done for `all'.
19:57:20 **** Incremental Build of configuration Debug for project hello ****
make all 
Building file: ../src/hello.cpp
Invoking: GCC C++ Compiler
g++ -O0 -g3 -Wall -c -fmessage-length=0 -MMD -MP -MF"src/hello.d" -MT"src/hello.o" -o "src/hello.o" "../src/hello.cpp"
Finished building: ../src/hello.cpp
 
Building target: hello
Invoking: MacOS X C++ Linker
g++  -o "hello"  ./src/hello.o   
Finished building target: hello
 
19:57:32 **** Incremental Build of configuration Debug for project hello ****
make all 
Building file: ../src/hello.cpp
Invoking: GCC C++ Compiler
g++ -O0 -g3 -Wall -c -fmessage-length=0 -MMD -MP -MF"src/hello.d" -MT"src/hello.o" -o "src/hello.o" "../src/hello.cpp"
Finished building: ../src/hello.cpp
 
Building target: hello
Invoking: MacOS X C++ Linker
g++  -o "hello"  ./src/hello.o   
Finished building target: hello
 
19:57:35 **** Incremental Build of configuration Debug for project hello ****
make all 
make: Nothing to be done for `all'.
19:57:41 **** Incremental Build of configuration Debug for project hello ****
make all 
make: Nothing to be done for `all'.
18:11:43 **** Incremental Build of configuration Debug for project hello ****
make all 
Building file: ../src/hello.cpp
Invoking: GCC C++ Compiler
g++ -O0 -g3 -Wall -c -fmessage-length=0 -MMD -MP -MF"src/hello.d" -MT"src/hello.o" -o "src/hello.o" "../src/hello.cpp"
Finished building: ../src/hello.cpp
 
Building target: hello
Invoking: MacOS X C++ Linker
g++  -o "hello"  ./src/hello.o   
Finished building target: hello
 
18:12:03 **** Incremental Build of configuration Debug for project hello ****
make all 
Building file: ../src/hello.cpp
Invoking: GCC C++ Compiler
g++ -O0 -g3 -Wall -c -fmessage-length=0 -MMD -MP -MF"src/hello.d" -MT"src/hello.o" -o "src/hello.o" "../src/hello.cpp"
Finished building: ../src/hello.cpp
 
Building target: hello
Invoking: MacOS X C++ Linker
g++  -o "hello"  ./src/hello.o   
Finished building target: hello
 
18:18:20 **** Incremental Build of configuration Debug for project hello ****
make all 
Building file: ../src/hello.cpp
Invoking: GCC C++ Compiler
g++ -O0 -g3 -Wall -c -fmessage-length=0 -MMD -MP -MF"src/hello.d" -MT"src/hello.o" -o "src/hello.o" "../src/hello.cpp"
Finished building: ../src/hello.cpp
 
Building target: hello
Invoking: MacOS X C++ Linker
g++  -o "hello"  ./src/hello.o   
Finished building target: hello
 
18:18:36 **** Incremental Build of configuration Debug for project hello ****
make all 
Building file: ../src/hello.cpp
Invoking: GCC C++ Compiler
g++ -O0 -g3 -Wall -c -fmessage-length=0 -MMD -MP -MF"src/hello.d" -MT"src/hello.o" -o "src/hello.o" "../src/hello.cpp"
Finished building: ../src/hello.cpp
 
Building target: hello
Invoking: MacOS X C++ Linker
g++  -o "hello"  ./src/hello.o   
Finished building target: hello
 
18:18:46 **** Incremental Build of configuration Debug for project hello ****
make all 
Building file: ../src/hello.cpp
Invoking: GCC C++ Compiler
g++ -O0 -g3 -Wall -c -fmessage-length=0 -MMD -MP -MF"src/hello.d" -MT"src/hello.o" -o "src/hello.o" "../src/hello.cpp"
Finished building: ../src/hello.cpp
 
Building target: hello
Invoking: MacOS X C++ Linker
g++  -o "hello"  ./src/hello.o   
Finished building target: hello
 
18:18:52 **** Incremental Build of configuration Debug for project hello ****
make all 
Building file: ../src/hello.cpp
Invoking: GCC C++ Compiler
g++ -O0 -g3 -Wall -c -fmessage-length=0 -MMD -MP -MF"src/hello.d" -MT"src/hello.o" -o "src/hello.o" "../src/hello.cpp"
Finished building: ../src/hello.cpp
 
Building target: hello
Invoking: MacOS X C++ Linker
g++  -o "hello"  ./src/hello.o   
Finished building target: hello
 
18:29:38 **** Incremental Build of configuration Debug for project hello ****
make all 
Building file: ../src/hello.cpp
Invoking: GCC C++ Compiler
g++ -O0 -g3 -Wall -c -fmessage-length=0 -MMD -MP -MF"src/hello.d" -MT"src/hello.o" -o "src/hello.o" "../src/hello.cpp"
../src/hello.cpp:20:7: warning: 'auto' type specifier is a C++11 extension [-Wc++11-extensions]
        for (auto word : words) {
             ^
../src/hello.cpp:20:17: warning: range-based for loop is a C++11 extension [-Wc++11-extensions]
        for (auto word : words) {
                       ^
../src/hello.cpp:34:9: error: no viable conversion from returned value of type 'vector<std::string>' (aka 'vector<basic_string<char> >') to function return type 'std::string' (aka 'basic_string<char>')
        return result;
               ^~~~~~
/Applications/Xcode.app/Contents/Developer/Platforms/MacOSX.platform/Developer/SDKs/MacOSX.sdk/usr/include/c++/v1/string:821:5: note: candidate constructor not viable: no known conversion from 'vector<std::string>' (aka 'vector<basic_string<char> >') to 'const std::string &' for 1st argument
    basic_string(const basic_string& __str);
    ^
/Applications/Xcode.app/Contents/Developer/Platforms/MacOSX.platform/Developer/SDKs/MacOSX.sdk/usr/include/c++/v1/string:839:5: note: candidate constructor template not viable: no known conversion from 'vector<std::string>' (aka 'vector<basic_string<char> >') to 'const char *' for 1st argument
    basic_string(const _CharT* __s) : __r_(__default_init_tag(), __default_init_tag()) {
    ^
/Applications/Xcode.app/Contents/Developer/Platforms/MacOSX.platform/Developer/SDKs/MacOSX.sdk/usr/include/c++/v1/string:814:40: note: explicit constructor is not a candidate
    _LIBCPP_INLINE_VISIBILITY explicit basic_string(const allocator_type& __a)
                                       ^
/Applications/Xcode.app/Contents/Developer/Platforms/MacOSX.platform/Developer/SDKs/MacOSX.sdk/usr/include/c++/v1/string:876:18: note: explicit constructor is not a candidate
        explicit basic_string(const _Tp& __t);
                 ^
2 warnings and 1 error generated.
make: *** [src/hello.o] Error 1
"make all" terminated with exit code 2. Build might be incomplete.
18:30:02 **** Incremental Build of configuration Debug for project hello ****
make all 
Building file: ../src/hello.cpp
Invoking: GCC C++ Compiler
g++ -O0 -g3 -Wall -c -fmessage-length=0 -MMD -MP -MF"src/hello.d" -MT"src/hello.o" -o "src/hello.o" "../src/hello.cpp"
../src/hello.cpp:20:7: warning: 'auto' type specifier is a C++11 extension [-Wc++11-extensions]
        for (auto word : words) {
             ^
../src/hello.cpp:20:17: warning: range-based for loop is a C++11 extension [-Wc++11-extensions]
        for (auto word : words) {
                       ^
../src/hello.cpp:34:9: error: no viable conversion from returned value of type 'vector<std::string>' (aka 'vector<basic_string<char> >') to function return type 'std::string' (aka 'basic_string<char>')
        return result;
               ^~~~~~
/Applications/Xcode.app/Contents/Developer/Platforms/MacOSX.platform/Developer/SDKs/MacOSX.sdk/usr/include/c++/v1/string:821:5: note: candidate constructor not viable: no known conversion from 'vector<std::string>' (aka 'vector<basic_string<char> >') to 'const std::string &' for 1st argument
    basic_string(const basic_string& __str);
    ^
/Applications/Xcode.app/Contents/Developer/Platforms/MacOSX.platform/Developer/SDKs/MacOSX.sdk/usr/include/c++/v1/string:839:5: note: candidate constructor template not viable: no known conversion from 'vector<std::string>' (aka 'vector<basic_string<char> >') to 'const char *' for 1st argument
    basic_string(const _CharT* __s) : __r_(__default_init_tag(), __default_init_tag()) {
    ^
/Applications/Xcode.app/Contents/Developer/Platforms/MacOSX.platform/Developer/SDKs/MacOSX.sdk/usr/include/c++/v1/string:814:40: note: explicit constructor is not a candidate
    _LIBCPP_INLINE_VISIBILITY explicit basic_string(const allocator_type& __a)
                                       ^
/Applications/Xcode.app/Contents/Developer/Platforms/MacOSX.platform/Developer/SDKs/MacOSX.sdk/usr/include/c++/v1/string:876:18: note: explicit constructor is not a candidate
        explicit basic_string(const _Tp& __t);
                 ^
2 warnings and 1 error generated.
make: *** [src/hello.o] Error 1
"make all" terminated with exit code 2. Build might be incomplete.
18:33:10 **** Incremental Build of configuration Debug for project hello ****
make all 
Building file: ../src/hello.cpp
Invoking: GCC C++ Compiler
g++ -O0 -g3 -Wall -c -fmessage-length=0 -MMD -MP -MF"src/hello.d" -MT"src/hello.o" -o "src/hello.o" "../src/hello.cpp"
../src/hello.cpp:20:7: warning: 'auto' type specifier is a C++11 extension [-Wc++11-extensions]
        for (auto word : words) {
             ^
../src/hello.cpp:20:17: warning: range-based for loop is a C++11 extension [-Wc++11-extensions]
        for (auto word : words) {
                       ^
../src/hello.cpp:26:1: warning: non-void function does not return a value in all control paths [-Wreturn-type]
}
^
../src/hello.cpp:29:28: error: use of undeclared identifier 'abacaba'
        cout << PalindromFilter(({abacaba", "aba"}, 5);
                                  ^
../src/hello.cpp:29:42: warning: missing terminating '"' character [-Winvalid-pp-token]
        cout << PalindromFilter(({abacaba", "aba"}, 5);
                                                ^
../src/hello.cpp:31:2: error: expected ')'
}
 ^
../src/hello.cpp:29:26: note: to match this '('
        cout << PalindromFilter(({abacaba", "aba"}, 5);
                                ^
../src/hello.cpp:31:2: error: expected ')'
}
 ^
../src/hello.cpp:29:25: note: to match this '('
        cout << PalindromFilter(({abacaba", "aba"}, 5);
                               ^
../src/hello.cpp:31:2: error: expected '}'
}
 ^
../src/hello.cpp:28:12: note: to match this '{'
int main() {
           ^
4 warnings and 4 errors generated.
make: *** [src/hello.o] Error 1
"make all" terminated with exit code 2. Build might be incomplete.
18:33:27 **** Incremental Build of configuration Debug for project hello ****
make all 
Building file: ../src/hello.cpp
Invoking: GCC C++ Compiler
g++ -O0 -g3 -Wall -c -fmessage-length=0 -MMD -MP -MF"src/hello.d" -MT"src/hello.o" -o "src/hello.o" "../src/hello.cpp"
../src/hello.cpp:20:7: warning: 'auto' type specifier is a C++11 extension [-Wc++11-extensions]
        for (auto word : words) {
             ^
../src/hello.cpp:20:17: warning: range-based for loop is a C++11 extension [-Wc++11-extensions]
        for (auto word : words) {
                       ^
../src/hello.cpp:26:1: warning: non-void function does not return a value in all control paths [-Wreturn-type]
}
^
../src/hello.cpp:29:28: warning: expression result unused [-Wunused-value]
        cout << PalindromFilter(({"abacaba", "aba"}, 5);
                                  ^~~~~~~~~
../src/hello.cpp:29:44: error: expected ';' after expression
        cout << PalindromFilter(({"abacaba", "aba"}, 5);
                                                  ^
                                                  ;
../src/hello.cpp:29:39: warning: expression result unused [-Wunused-value]
        cout << PalindromFilter(({"abacaba", "aba"}, 5);
                                             ^~~~~
../src/hello.cpp:29:45: error: expected ')'
        cout << PalindromFilter(({"abacaba", "aba"}, 5);
                                                   ^
../src/hello.cpp:29:26: note: to match this '('
        cout << PalindromFilter(({"abacaba", "aba"}, 5);
                                ^
../src/hello.cpp:29:49: error: expected ')'
        cout << PalindromFilter(({"abacaba", "aba"}, 5);
                                                       ^
../src/hello.cpp:29:25: note: to match this '('
        cout << PalindromFilter(({"abacaba", "aba"}, 5);
                               ^
5 warnings and 3 errors generated.
make: *** [src/hello.o] Error 1
"make all" terminated with exit code 2. Build might be incomplete.
18:33:46 **** Incremental Build of configuration Debug for project hello ****
make all 
Building file: ../src/hello.cpp
Invoking: GCC C++ Compiler
g++ -O0 -g3 -Wall -c -fmessage-length=0 -MMD -MP -MF"src/hello.d" -MT"src/hello.o" -o "src/hello.o" "../src/hello.cpp"
../src/hello.cpp:20:7: warning: 'auto' type specifier is a C++11 extension [-Wc++11-extensions]
        for (auto word : words) {
             ^
../src/hello.cpp:20:17: warning: range-based for loop is a C++11 extension [-Wc++11-extensions]
        for (auto word : words) {
                       ^
../src/hello.cpp:26:1: warning: non-void function does not return a value in all control paths [-Wreturn-type]
}
^
../src/hello.cpp:29:26: error: expected expression
        cout << PalindromFilter({"abacaba", "aba"}, 5);
                                ^
3 warnings and 1 error generated.
make: *** [src/hello.o] Error 1
"make all" terminated with exit code 2. Build might be incomplete.
18:34:25 **** Incremental Build of configuration Debug for project hello ****
make all 
Building file: ../src/hello.cpp
Invoking: GCC C++ Compiler
g++ -O0 -g3 -Wall -c -fmessage-length=0 -MMD -MP -MF"src/hello.d" -MT"src/hello.o" -o "src/hello.o" "../src/hello.cpp"
../src/hello.cpp:20:7: warning: 'auto' type specifier is a C++11 extension [-Wc++11-extensions]
        for (auto word : words) {
             ^
../src/hello.cpp:20:17: warning: range-based for loop is a C++11 extension [-Wc++11-extensions]
        for (auto word : words) {
                       ^
../src/hello.cpp:26:1: warning: non-void function does not return a value in all control paths [-Wreturn-type]
}
^
../src/hello.cpp:29:27: warning: expression result unused [-Wunused-value]
        cout << PalindromFilter(("abacaba", "aba"), 5);
                                 ^~~~~~~~~
../src/hello.cpp:29:10: error: no matching function for call to 'PalindromFilter'
        cout << PalindromFilter(("abacaba", "aba"), 5);
                ^~~~~~~~~~~~~~~
../src/hello.cpp:17:8: note: candidate function not viable: no known conversion from 'const char [4]' to 'vector<std::string>' (aka 'vector<basic_string<char> >') for 1st argument
string PalindromFilter(vector<string> words, int minLength) {
       ^
4 warnings and 1 error generated.
make: *** [src/hello.o] Error 1
"make all" terminated with exit code 2. Build might be incomplete.
18:36:32 **** Incremental Build of configuration Debug for project hello ****
make all 
Building file: ../src/hello.cpp
Invoking: GCC C++ Compiler
g++ -O0 -g3 -Wall -c -fmessage-length=0 -MMD -MP -MF"src/hello.d" -MT"src/hello.o" -o "src/hello.o" "../src/hello.cpp"
../src/hello.cpp:20:7: warning: 'auto' type specifier is a C++11 extension [-Wc++11-extensions]
        for (auto word : words) {
             ^
../src/hello.cpp:20:17: warning: range-based for loop is a C++11 extension [-Wc++11-extensions]
        for (auto word : words) {
                       ^
../src/hello.cpp:26:1: warning: non-void function does not return a value in all control paths [-Wreturn-type]
}
^
../src/hello.cpp:29:29: error: expected expression
        string s = PalindromFilter({"abacaba", "aba"}, 5);
                                   ^
3 warnings and 1 error generated.
make: *** [src/hello.o] Error 1
"make all" terminated with exit code 2. Build might be incomplete.
18:36:45 **** Incremental Build of configuration Debug for project hello ****
make all 
Building file: ../src/hello.cpp
Invoking: GCC C++ Compiler
g++ -O0 -g3 -Wall -c -fmessage-length=0 -MMD -MP -MF"src/hello.d" -MT"src/hello.o" -o "src/hello.o" "../src/hello.cpp"
../src/hello.cpp:20:7: warning: 'auto' type specifier is a C++11 extension [-Wc++11-extensions]
        for (auto word : words) {
             ^
../src/hello.cpp:20:17: warning: range-based for loop is a C++11 extension [-Wc++11-extensions]
        for (auto word : words) {
                       ^
../src/hello.cpp:26:1: warning: non-void function does not return a value in all control paths [-Wreturn-type]
}
^
../src/hello.cpp:29:30: warning: expression result unused [-Wunused-value]
        string s = PalindromFilter(("abacaba", "aba"), 5);
                                    ^~~~~~~~~
../src/hello.cpp:29:13: error: no matching function for call to 'PalindromFilter'
        string s = PalindromFilter(("abacaba", "aba"), 5);
                   ^~~~~~~~~~~~~~~
../src/hello.cpp:17:8: note: candidate function not viable: no known conversion from 'const char [4]' to 'vector<std::string>' (aka 'vector<basic_string<char> >') for 1st argument
string PalindromFilter(vector<string> words, int minLength) {
       ^
4 warnings and 1 error generated.
make: *** [src/hello.o] Error 1
"make all" terminated with exit code 2. Build might be incomplete.
18:38:08 **** Incremental Build of configuration Debug for project hello ****
make all 
Building file: ../src/hello.cpp
Invoking: GCC C++ Compiler
g++ -O0 -g3 -Wall -c -fmessage-length=0 -MMD -MP -MF"src/hello.d" -MT"src/hello.o" -o "src/hello.o" "../src/hello.cpp"
../src/hello.cpp:20:7: warning: 'auto' type specifier is a C++11 extension [-Wc++11-extensions]
        for (auto word : words) {
             ^
../src/hello.cpp:20:17: warning: range-based for loop is a C++11 extension [-Wc++11-extensions]
        for (auto word : words) {
                       ^
../src/hello.cpp:26:1: warning: non-void function does not return a value in all control paths [-Wreturn-type]
}
^
../src/hello.cpp:29:30: warning: expression result unused [-Wunused-value]
        string s = PalindromFilter(("abacaba", "aba"), 5);
                                    ^~~~~~~~~
../src/hello.cpp:29:13: error: no matching function for call to 'PalindromFilter'
        string s = PalindromFilter(("abacaba", "aba"), 5);
                   ^~~~~~~~~~~~~~~
../src/hello.cpp:17:8: note: candidate function not viable: no known conversion from 'const char [4]' to 'vector<std::string>' (aka 'vector<basic_string<char> >') for 1st argument
string PalindromFilter(vector<string> words, int minLength) {
       ^
4 warnings and 1 error generated.
make: *** [src/hello.o] Error 1
"make all" terminated with exit code 2. Build might be incomplete.
18:39:33 **** Incremental Build of configuration Debug for project hello ****
make all 
Building file: ../src/hello.cpp
Invoking: GCC C++ Compiler
g++ -O0 -g3 -Wall -c -fmessage-length=0 -MMD -MP -MF"src/hello.d" -MT"src/hello.o" -o "src/hello.o" "../src/hello.cpp"
../src/hello.cpp:20:7: warning: 'auto' type specifier is a C++11 extension [-Wc++11-extensions]
        for (auto word : words) {
             ^
../src/hello.cpp:20:17: warning: range-based for loop is a C++11 extension [-Wc++11-extensions]
        for (auto word : words) {
                       ^
../src/hello.cpp:31:19: warning: expression result unused [-Wunused-value]
        PalindromFilter(("abacaba", "aba"), 5);
                         ^~~~~~~~~
../src/hello.cpp:31:2: error: no matching function for call to 'PalindromFilter'
        PalindromFilter(("abacaba", "aba"), 5);
        ^~~~~~~~~~~~~~~
../src/hello.cpp:17:8: note: candidate function not viable: no known conversion from 'const char [4]' to 'vector<std::string>' (aka 'vector<basic_string<char> >') for 1st argument
string PalindromFilter(vector<string> words, int minLength) {
       ^
3 warnings and 1 error generated.
make: *** [src/hello.o] Error 1
"make all" terminated with exit code 2. Build might be incomplete.
18:42:53 **** Incremental Build of configuration Debug for project hello ****
make all 
Building file: ../src/hello.cpp
Invoking: GCC C++ Compiler
g++ -O0 -g3 -Wall -c -fmessage-length=0 -MMD -MP -MF"src/hello.d" -MT"src/hello.o" -o "src/hello.o" "../src/hello.cpp"
../src/hello.cpp:20:7: warning: 'auto' type specifier is a C++11 extension [-Wc++11-extensions]
        for (auto word : words) {
             ^
../src/hello.cpp:20:17: warning: range-based for loop is a C++11 extension [-Wc++11-extensions]
        for (auto word : words) {
                       ^
../src/hello.cpp:31:22: warning: expression result unused [-Wunused-value]
        vector<string> x = ("abacaba", "aba");
                            ^~~~~~~~~
../src/hello.cpp:31:17: error: no viable conversion from 'const char [4]' to 'vector<std::string>' (aka 'vector<basic_string<char> >')
        vector<string> x = ("abacaba", "aba");
                       ^   ~~~~~~~~~~~~~~~~~~
/Applications/Xcode.app/Contents/Developer/Platforms/MacOSX.platform/Developer/SDKs/MacOSX.sdk/usr/include/c++/v1/vector:559:5: note: candidate constructor not viable: no known conversion from 'const char [4]' to 'const std::vector<std::string> &' for 1st argument
    vector(const vector& __x);
    ^
/Applications/Xcode.app/Contents/Developer/Platforms/MacOSX.platform/Developer/SDKs/MacOSX.sdk/usr/include/c++/v1/vector:503:40: note: explicit constructor is not a candidate
    _LIBCPP_INLINE_VISIBILITY explicit vector(const allocator_type& __a)
                                       ^
/Applications/Xcode.app/Contents/Developer/Platforms/MacOSX.platform/Developer/SDKs/MacOSX.sdk/usr/include/c++/v1/vector:515:14: note: explicit constructor is not a candidate
    explicit vector(size_type __n);
             ^
3 warnings and 1 error generated.
make: *** [src/hello.o] Error 1
"make all" terminated with exit code 2. Build might be incomplete.
18:43:20 **** Incremental Build of configuration Debug for project hello ****
make all 
Building file: ../src/hello.cpp
Invoking: GCC C++ Compiler
g++ -O0 -g3 -Wall -c -fmessage-length=0 -MMD -MP -MF"src/hello.d" -MT"src/hello.o" -o "src/hello.o" "../src/hello.cpp"
../src/hello.cpp:20:7: warning: 'auto' type specifier is a C++11 extension [-Wc++11-extensions]
        for (auto word : words) {
             ^
../src/hello.cpp:20:17: warning: range-based for loop is a C++11 extension [-Wc++11-extensions]
        for (auto word : words) {
                       ^
../src/hello.cpp:31:22: warning: expression result unused [-Wunused-value]
        vector<string> x = ("abacaba", "aba");
                            ^~~~~~~~~
../src/hello.cpp:31:17: error: no viable conversion from 'const char [4]' to 'vector<std::string>' (aka 'vector<basic_string<char> >')
        vector<string> x = ("abacaba", "aba");
                       ^   ~~~~~~~~~~~~~~~~~~
/Applications/Xcode.app/Contents/Developer/Platforms/MacOSX.platform/Developer/SDKs/MacOSX.sdk/usr/include/c++/v1/vector:559:5: note: candidate constructor not viable: no known conversion from 'const char [4]' to 'const std::vector<std::string> &' for 1st argument
    vector(const vector& __x);
    ^
/Applications/Xcode.app/Contents/Developer/Platforms/MacOSX.platform/Developer/SDKs/MacOSX.sdk/usr/include/c++/v1/vector:503:40: note: explicit constructor is not a candidate
    _LIBCPP_INLINE_VISIBILITY explicit vector(const allocator_type& __a)
                                       ^
/Applications/Xcode.app/Contents/Developer/Platforms/MacOSX.platform/Developer/SDKs/MacOSX.sdk/usr/include/c++/v1/vector:515:14: note: explicit constructor is not a candidate
    explicit vector(size_type __n);
             ^
3 warnings and 1 error generated.
make: *** [src/hello.o] Error 1
"make all" terminated with exit code 2. Build might be incomplete.
18:43:53 **** Incremental Build of configuration Debug for project hello ****
make all 
Building file: ../src/hello.cpp
Invoking: GCC C++ Compiler
g++ -O0 -g3 -Wall -c -fmessage-length=0 -MMD -MP -MF"src/hello.d" -MT"src/hello.o" -o "src/hello.o" "../src/hello.cpp"
../src/hello.cpp:20:7: warning: 'auto' type specifier is a C++11 extension [-Wc++11-extensions]
        for (auto word : words) {
             ^
../src/hello.cpp:20:17: warning: range-based for loop is a C++11 extension [-Wc++11-extensions]
        for (auto word : words) {
                       ^
../src/hello.cpp:31:22: warning: expression result unused [-Wunused-value]
        vector<string> x = ("hbaa", "sannj");
                            ^~~~~~
../src/hello.cpp:31:17: error: no viable conversion from 'const char [6]' to 'vector<std::string>' (aka 'vector<basic_string<char> >')
        vector<string> x = ("hbaa", "sannj");
                       ^   ~~~~~~~~~~~~~~~~~
/Applications/Xcode.app/Contents/Developer/Platforms/MacOSX.platform/Developer/SDKs/MacOSX.sdk/usr/include/c++/v1/vector:559:5: note: candidate constructor not viable: no known conversion from 'const char [6]' to 'const std::vector<std::string> &' for 1st argument
    vector(const vector& __x);
    ^
/Applications/Xcode.app/Contents/Developer/Platforms/MacOSX.platform/Developer/SDKs/MacOSX.sdk/usr/include/c++/v1/vector:503:40: note: explicit constructor is not a candidate
    _LIBCPP_INLINE_VISIBILITY explicit vector(const allocator_type& __a)
                                       ^
/Applications/Xcode.app/Contents/Developer/Platforms/MacOSX.platform/Developer/SDKs/MacOSX.sdk/usr/include/c++/v1/vector:515:14: note: explicit constructor is not a candidate
    explicit vector(size_type __n);
             ^
3 warnings and 1 error generated.
make: *** [src/hello.o] Error 1
"make all" terminated with exit code 2. Build might be incomplete.
18:47:15 **** Incremental Build of configuration Debug for project hello ****
make all 
Building file: ../src/hello.cpp
Invoking: GCC C++ Compiler
g++ -O0 -g3 -Wall -c -fmessage-length=0 -MMD -MP -MF"src/hello.d" -MT"src/hello.o" -o "src/hello.o" "../src/hello.cpp"
../src/hello.cpp:20:7: warning: 'auto' type specifier is a C++11 extension [-Wc++11-extensions]
        for (auto word : words) {
             ^
../src/hello.cpp:20:17: warning: range-based for loop is a C++11 extension [-Wc++11-extensions]
        for (auto word : words) {
                       ^
2 warnings generated.
Finished building: ../src/hello.cpp
 
Building target: hello
Invoking: MacOS X C++ Linker
g++  -o "hello"  ./src/hello.o   
Finished building target: hello
 
18:48:04 **** Incremental Build of configuration Debug for project hello ****
make all 
Building file: ../src/hello.cpp
Invoking: GCC C++ Compiler
g++ -O0 -g3 -Wall -c -fmessage-length=0 -MMD -MP -MF"src/hello.d" -MT"src/hello.o" -o "src/hello.o" "../src/hello.cpp"
../src/hello.cpp:20:7: warning: 'auto' type specifier is a C++11 extension [-Wc++11-extensions]
        for (auto word : words) {
             ^
../src/hello.cpp:20:17: warning: range-based for loop is a C++11 extension [-Wc++11-extensions]
        for (auto word : words) {
                       ^
2 warnings generated.
Finished building: ../src/hello.cpp
 
Building target: hello
Invoking: MacOS X C++ Linker
g++  -o "hello"  ./src/hello.o   
Finished building target: hello
 
18:48:07 **** Incremental Build of configuration Debug for project hello ****
make all 
make: Nothing to be done for `all'.
18:48:24 **** Incremental Build of configuration Debug for project hello ****
make all 
Building file: ../src/hello.cpp
Invoking: GCC C++ Compiler
g++ -O0 -g3 -Wall -c -fmessage-length=0 -MMD -MP -MF"src/hello.d" -MT"src/hello.o" -o "src/hello.o" "../src/hello.cpp"
../src/hello.cpp:20:7: warning: 'auto' type specifier is a C++11 extension [-Wc++11-extensions]
        for (auto word : words) {
             ^
../src/hello.cpp:20:17: warning: range-based for loop is a C++11 extension [-Wc++11-extensions]
        for (auto word : words) {
                       ^
2 warnings generated.
Finished building: ../src/hello.cpp
 
Building target: hello
Invoking: MacOS X C++ Linker
g++  -o "hello"  ./src/hello.o   
Finished building target: hello
 
18:51:16 **** Incremental Build of configuration Debug for project hello ****
make all 
Building file: ../src/hello.cpp
Invoking: GCC C++ Compiler
g++ -O0 -g3 -Wall -c -fmessage-length=0 -MMD -MP -MF"src/hello.d" -MT"src/hello.o" -o "src/hello.o" "../src/hello.cpp"
../src/hello.cpp:20:7: warning: 'auto' type specifier is a C++11 extension [-Wc++11-extensions]
        for (auto word : words) {
             ^
../src/hello.cpp:20:17: warning: range-based for loop is a C++11 extension [-Wc++11-extensions]
        for (auto word : words) {
                       ^
../src/hello.cpp:30:27: warning: expression result unused [-Wunused-value]
        cout << PalindromFilter(("fire", "water"), 5);
                                 ^~~~~~
../src/hello.cpp:30:10: error: no matching function for call to 'PalindromFilter'
        cout << PalindromFilter(("fire", "water"), 5);
                ^~~~~~~~~~~~~~~
../src/hello.cpp:17:16: note: candidate function not viable: no known conversion from 'const char [6]' to 'vector<std::string>' (aka 'vector<basic_string<char> >') for 1st argument
vector<string> PalindromFilter(vector<string> words, int minLength) {
               ^
../src/hello.cpp:30:7: error: invalid operands to binary expression ('std::ostream' (aka 'basic_ostream<char>') and 'vector<std::string>' (aka 'vector<basic_string<char> >'))
        cout << PalindromFilter(("fire", "water"), 5);
        ~~~~ ^  ~~~~~~~~~~~~~~~~~~~~~~~~~~~~~~~~~~~~~
/Applications/Xcode.app/Contents/Developer/Platforms/MacOSX.platform/Developer/SDKs/MacOSX.sdk/usr/include/c++/v1/ostream:759:1: note: candidate function template not viable: no known conversion from 'vector<std::string>' (aka 'vector<basic_string<char> >') to 'char' for 2nd argument
operator<<(basic_ostream<_CharT, _Traits>& __os, char __cn)
^
/Applications/Xcode.app/Contents/Developer/Platforms/MacOSX.platform/Developer/SDKs/MacOSX.sdk/usr/include/c++/v1/ostream:792:1: note: candidate function template not viable: no known conversion from 'vector<std::string>' (aka 'vector<basic_string<char> >') to 'char' for 2nd argument
operator<<(basic_ostream<char, _Traits>& __os, char __c)
^
/Applications/Xcode.app/Contents/Developer/Platforms/MacOSX.platform/Developer/SDKs/MacOSX.sdk/usr/include/c++/v1/ostream:799:1: note: candidate function template not viable: no known conversion from 'vector<std::string>' (aka 'vector<basic_string<char> >') to 'signed char' for 2nd argument
operator<<(basic_ostream<char, _Traits>& __os, signed char __c)
^
/Applications/Xcode.app/Contents/Developer/Platforms/MacOSX.platform/Developer/SDKs/MacOSX.sdk/usr/include/c++/v1/ostream:806:1: note: candidate function template not viable: no known conversion from 'vector<std::string>' (aka 'vector<basic_string<char> >') to 'unsigned char' for 2nd argument
operator<<(basic_ostream<char, _Traits>& __os, unsigned char __c)
^
/Applications/Xcode.app/Contents/Developer/Platforms/MacOSX.platform/Developer/SDKs/MacOSX.sdk/usr/include/c++/v1/ostream:820:1: note: candidate function template not viable: no known conversion from 'vector<std::string>' (aka 'vector<basic_string<char> >') to 'const char *' for 2nd argument
operator<<(basic_ostream<_CharT, _Traits>& __os, const char* __strn)
^
/Applications/Xcode.app/Contents/Developer/Platforms/MacOSX.platform/Developer/SDKs/MacOSX.sdk/usr/include/c++/v1/ostream:866:1: note: candidate function template not viable: no known conversion from 'vector<std::string>' (aka 'vector<basic_string<char> >') to 'const char *' for 2nd argument
operator<<(basic_ostream<char, _Traits>& __os, const char* __str)
^
/Applications/Xcode.app/Contents/Developer/Platforms/MacOSX.platform/Developer/SDKs/MacOSX.sdk/usr/include/c++/v1/ostream:873:1: note: candidate function template not viable: no known conversion from 'vector<std::string>' (aka 'vector<basic_string<char> >') to 'const signed char *' for 2nd argument
operator<<(basic_ostream<char, _Traits>& __os, const signed char* __str)
^
/Applications/Xcode.app/Contents/Developer/Platforms/MacOSX.platform/Developer/SDKs/MacOSX.sdk/usr/include/c++/v1/ostream:881:1: note: candidate function template not viable: no known conversion from 'vector<std::string>' (aka 'vector<basic_string<char> >') to 'const unsigned char *' for 2nd argument
operator<<(basic_ostream<char, _Traits>& __os, const unsigned char* __str)
^
/Applications/Xcode.app/Contents/Developer/Platforms/MacOSX.platform/Developer/SDKs/MacOSX.sdk/usr/include/c++/v1/ostream:1070:1: note: candidate function template not viable: no known conversion from 'vector<std::string>' (aka 'vector<basic_string<char> >') to 'const std::error_code' for 2nd argument
operator<<(basic_ostream<_CharT, _Traits>& __os, const error_code& __ec)
^
/Applications/Xcode.app/Contents/Developer/Platforms/MacOSX.platform/Developer/SDKs/MacOSX.sdk/usr/include/c++/v1/ostream:752:1: note: candidate template ignored: deduced conflicting types for parameter '_CharT' ('char' vs. 'std::vector<std::string>')
operator<<(basic_ostream<_CharT, _Traits>& __os, _CharT __c)
^
/Applications/Xcode.app/Contents/Developer/Platforms/MacOSX.platform/Developer/SDKs/MacOSX.sdk/usr/include/c++/v1/ostream:813:1: note: candidate template ignored: could not match 'const _CharT *' against 'vector<std::string>' (aka 'vector<basic_string<char> >')
operator<<(basic_ostream<_CharT, _Traits>& __os, const _CharT* __str)
^
/Applications/Xcode.app/Contents/Developer/Platforms/MacOSX.platform/Developer/SDKs/MacOSX.sdk/usr/include/c++/v1/ostream:1053:1: note: candidate template ignored: could not match 'basic_string' against 'vector'
operator<<(basic_ostream<_CharT, _Traits>& __os,
^
/Applications/Xcode.app/Contents/Developer/Platforms/MacOSX.platform/Developer/SDKs/MacOSX.sdk/usr/include/c++/v1/ostream:1061:1: note: candidate template ignored: could not match 'basic_string_view' against 'vector'
operator<<(basic_ostream<_CharT, _Traits>& __os,
^
/Applications/Xcode.app/Contents/Developer/Platforms/MacOSX.platform/Developer/SDKs/MacOSX.sdk/usr/include/c++/v1/ostream:1078:1: note: candidate template ignored: could not match 'shared_ptr' against 'vector'
operator<<(basic_ostream<_CharT, _Traits>& __os, shared_ptr<_Yp> const& __p)
^
/Applications/Xcode.app/Contents/Developer/Platforms/MacOSX.platform/Developer/SDKs/MacOSX.sdk/usr/include/c++/v1/ostream:1090:1: note: candidate template ignored: could not match 'unique_ptr' against 'vector'
operator<<(basic_ostream<_CharT, _Traits>& __os, unique_ptr<_Yp, _Dp> const& __p)
^
/Applications/Xcode.app/Contents/Developer/Platforms/MacOSX.platform/Developer/SDKs/MacOSX.sdk/usr/include/c++/v1/ostream:1097:1: note: candidate template ignored: could not match 'bitset' against 'vector'
operator<<(basic_ostream<_CharT, _Traits>& __os, const bitset<_Size>& __x)
^
/Applications/Xcode.app/Contents/Developer/Platforms/MacOSX.platform/Developer/SDKs/MacOSX.sdk/usr/include/c++/v1/ostream:194:20: note: candidate function not viable: no known conversion from 'vector<std::string>' (aka 'vector<basic_string<char> >') to 'std::ostream &(*)(std::ostream &)' for 1st argument
    basic_ostream& operator<<(basic_ostream& (*__pf)(basic_ostream&))
                   ^
/Applications/Xcode.app/Contents/Developer/Platforms/MacOSX.platform/Developer/SDKs/MacOSX.sdk/usr/include/c++/v1/ostream:198:20: note: candidate function not viable: no known conversion from 'vector<std::string>' (aka 'vector<basic_string<char> >') to 'basic_ios<std::basic_ostream<char>::char_type> &(*)(basic_ios<std::basic_ostream<char>::char_type> &)' (aka 'basic_ios<char> &(*)(basic_ios<char> &)') for 1st argument
    basic_ostream& operator<<(basic_ios<char_type, traits_type>&
                   ^
/Applications/Xcode.app/Contents/Developer/Platforms/MacOSX.platform/Developer/SDKs/MacOSX.sdk/usr/include/c++/v1/ostream:203:20: note: candidate function not viable: no known conversion from 'vector<std::string>' (aka 'vector<basic_string<char> >') to 'std::ios_base &(*)(std::ios_base &)' for 1st argument
    basic_ostream& operator<<(ios_base& (*__pf)(ios_base&))
                   ^
/Applications/Xcode.app/Contents/Developer/Platforms/MacOSX.platform/Developer/SDKs/MacOSX.sdk/usr/include/c++/v1/ostream:206:20: note: candidate function not viable: no known conversion from 'vector<std::string>' (aka 'vector<basic_string<char> >') to 'bool' for 1st argument
    basic_ostream& operator<<(bool __n);
                   ^
/Applications/Xcode.app/Contents/Developer/Platforms/MacOSX.platform/Developer/SDKs/MacOSX.sdk/usr/include/c++/v1/ostream:207:20: note: candidate function not viable: no known conversion from 'vector<std::string>' (aka 'vector<basic_string<char> >') to 'short' for 1st argument
    basic_ostream& operator<<(short __n);
                   ^
/Applications/Xcode.app/Contents/Developer/Platforms/MacOSX.platform/Developer/SDKs/MacOSX.sdk/usr/include/c++/v1/ostream:208:20: note: candidate function not viable: no known conversion from 'vector<std::string>' (aka 'vector<basic_string<char> >') to 'unsigned short' for 1st argument
    basic_ostream& operator<<(unsigned short __n);
                   ^
/Applications/Xcode.app/Contents/Developer/Platforms/MacOSX.platform/Developer/SDKs/MacOSX.sdk/usr/include/c++/v1/ostream:209:20: note: candidate function not viable: no known conversion from 'vector<std::string>' (aka 'vector<basic_string<char> >') to 'int' for 1st argument
    basic_ostream& operator<<(int __n);
                   ^
/Applications/Xcode.app/Contents/Developer/Platforms/MacOSX.platform/Developer/SDKs/MacOSX.sdk/usr/include/c++/v1/ostream:210:20: note: candidate function not viable: no known conversion from 'vector<std::string>' (aka 'vector<basic_string<char> >') to 'unsigned int' for 1st argument
    basic_ostream& operator<<(unsigned int __n);
                   ^
/Applications/Xcode.app/Contents/Developer/Platforms/MacOSX.platform/Developer/SDKs/MacOSX.sdk/usr/include/c++/v1/ostream:211:20: note: candidate function not viable: no known conversion from 'vector<std::string>' (aka 'vector<basic_string<char> >') to 'long' for 1st argument
    basic_ostream& operator<<(long __n);
                   ^
/Applications/Xcode.app/Contents/Developer/Platforms/MacOSX.platform/Developer/SDKs/MacOSX.sdk/usr/include/c++/v1/ostream:212:20: note: candidate function not viable: no known conversion from 'vector<std::string>' (aka 'vector<basic_string<char> >') to 'unsigned long' for 1st argument
    basic_ostream& operator<<(unsigned long __n);
                   ^
/Applications/Xcode.app/Contents/Developer/Platforms/MacOSX.platform/Developer/SDKs/MacOSX.sdk/usr/include/c++/v1/ostream:213:20: note: candidate function not viable: no known conversion from 'vector<std::string>' (aka 'vector<basic_string<char> >') to 'long long' for 1st argument
    basic_ostream& operator<<(long long __n);
                   ^
/Applications/Xcode.app/Contents/Developer/Platforms/MacOSX.platform/Developer/SDKs/MacOSX.sdk/usr/include/c++/v1/ostream:214:20: note: candidate function not viable: no known conversion from 'vector<std::string>' (aka 'vector<basic_string<char> >') to 'unsigned long long' for 1st argument
    basic_ostream& operator<<(unsigned long long __n);
                   ^
/Applications/Xcode.app/Contents/Developer/Platforms/MacOSX.platform/Developer/SDKs/MacOSX.sdk/usr/include/c++/v1/ostream:215:20: note: candidate function not viable: no known conversion from 'vector<std::string>' (aka 'vector<basic_string<char> >') to 'float' for 1st argument
    basic_ostream& operator<<(float __f);
                   ^
/Applications/Xcode.app/Contents/Developer/Platforms/MacOSX.platform/Developer/SDKs/MacOSX.sdk/usr/include/c++/v1/ostream:216:20: note: candidate function not viable: no known conversion from 'vector<std::string>' (aka 'vector<basic_string<char> >') to 'double' for 1st argument
    basic_ostream& operator<<(double __f);
                   ^
/Applications/Xcode.app/Contents/Developer/Platforms/MacOSX.platform/Developer/SDKs/MacOSX.sdk/usr/include/c++/v1/ostream:217:20: note: candidate function not viable: no known conversion from 'vector<std::string>' (aka 'vector<basic_string<char> >') to 'long double' for 1st argument
    basic_ostream& operator<<(long double __f);
                   ^
/Applications/Xcode.app/Contents/Developer/Platforms/MacOSX.platform/Developer/SDKs/MacOSX.sdk/usr/include/c++/v1/ostream:218:20: note: candidate function not viable: no known conversion from 'vector<std::string>' (aka 'vector<basic_string<char> >') to 'const void *' for 1st argument
    basic_ostream& operator<<(const void* __p);
                   ^
/Applications/Xcode.app/Contents/Developer/Platforms/MacOSX.platform/Developer/SDKs/MacOSX.sdk/usr/include/c++/v1/ostream:219:20: note: candidate function not viable: no known conversion from 'vector<std::string>' (aka 'vector<basic_string<char> >') to 'basic_streambuf<std::basic_ostream<char>::char_type> *' (aka 'basic_streambuf<char> *') for 1st argument
    basic_ostream& operator<<(basic_streambuf<char_type, traits_type>* __sb);
                   ^
/Applications/Xcode.app/Contents/Developer/Platforms/MacOSX.platform/Developer/SDKs/MacOSX.sdk/usr/include/c++/v1/ostream:222:20: note: candidate function not viable: no known conversion from 'vector<std::string>' (aka 'vector<basic_string<char> >') to 'std::nullptr_t' for 1st argument
    basic_ostream& operator<<(nullptr_t)
                   ^
3 warnings and 2 errors generated.
make: *** [src/hello.o] Error 1
"make all" terminated with exit code 2. Build might be incomplete.
18:51:43 **** Incremental Build of configuration Debug for project hello ****
make all 
Building file: ../src/hello.cpp
Invoking: GCC C++ Compiler
g++ -O0 -g3 -Wall -c -fmessage-length=0 -MMD -MP -MF"src/hello.d" -MT"src/hello.o" -o "src/hello.o" "../src/hello.cpp"
../src/hello.cpp:20:7: warning: 'auto' type specifier is a C++11 extension [-Wc++11-extensions]
        for (auto word : words) {
             ^
../src/hello.cpp:20:17: warning: range-based for loop is a C++11 extension [-Wc++11-extensions]
        for (auto word : words) {
                       ^
../src/hello.cpp:30:28: warning: expression result unused [-Wunused-value]
        cout << PalindromFilter((("fire", "water")), 5);
                                  ^~~~~~
../src/hello.cpp:30:10: error: no matching function for call to 'PalindromFilter'
        cout << PalindromFilter((("fire", "water")), 5);
                ^~~~~~~~~~~~~~~
../src/hello.cpp:17:16: note: candidate function not viable: no known conversion from 'const char [6]' to 'vector<std::string>' (aka 'vector<basic_string<char> >') for 1st argument
vector<string> PalindromFilter(vector<string> words, int minLength) {
               ^
../src/hello.cpp:30:7: error: invalid operands to binary expression ('std::ostream' (aka 'basic_ostream<char>') and 'vector<std::string>' (aka 'vector<basic_string<char> >'))
        cout << PalindromFilter((("fire", "water")), 5);
        ~~~~ ^  ~~~~~~~~~~~~~~~~~~~~~~~~~~~~~~~~~~~~~~~
/Applications/Xcode.app/Contents/Developer/Platforms/MacOSX.platform/Developer/SDKs/MacOSX.sdk/usr/include/c++/v1/ostream:759:1: note: candidate function template not viable: no known conversion from 'vector<std::string>' (aka 'vector<basic_string<char> >') to 'char' for 2nd argument
operator<<(basic_ostream<_CharT, _Traits>& __os, char __cn)
^
/Applications/Xcode.app/Contents/Developer/Platforms/MacOSX.platform/Developer/SDKs/MacOSX.sdk/usr/include/c++/v1/ostream:792:1: note: candidate function template not viable: no known conversion from 'vector<std::string>' (aka 'vector<basic_string<char> >') to 'char' for 2nd argument
operator<<(basic_ostream<char, _Traits>& __os, char __c)
^
/Applications/Xcode.app/Contents/Developer/Platforms/MacOSX.platform/Developer/SDKs/MacOSX.sdk/usr/include/c++/v1/ostream:799:1: note: candidate function template not viable: no known conversion from 'vector<std::string>' (aka 'vector<basic_string<char> >') to 'signed char' for 2nd argument
operator<<(basic_ostream<char, _Traits>& __os, signed char __c)
^
/Applications/Xcode.app/Contents/Developer/Platforms/MacOSX.platform/Developer/SDKs/MacOSX.sdk/usr/include/c++/v1/ostream:806:1: note: candidate function template not viable: no known conversion from 'vector<std::string>' (aka 'vector<basic_string<char> >') to 'unsigned char' for 2nd argument
operator<<(basic_ostream<char, _Traits>& __os, unsigned char __c)
^
/Applications/Xcode.app/Contents/Developer/Platforms/MacOSX.platform/Developer/SDKs/MacOSX.sdk/usr/include/c++/v1/ostream:820:1: note: candidate function template not viable: no known conversion from 'vector<std::string>' (aka 'vector<basic_string<char> >') to 'const char *' for 2nd argument
operator<<(basic_ostream<_CharT, _Traits>& __os, const char* __strn)
^
/Applications/Xcode.app/Contents/Developer/Platforms/MacOSX.platform/Developer/SDKs/MacOSX.sdk/usr/include/c++/v1/ostream:866:1: note: candidate function template not viable: no known conversion from 'vector<std::string>' (aka 'vector<basic_string<char> >') to 'const char *' for 2nd argument
operator<<(basic_ostream<char, _Traits>& __os, const char* __str)
^
/Applications/Xcode.app/Contents/Developer/Platforms/MacOSX.platform/Developer/SDKs/MacOSX.sdk/usr/include/c++/v1/ostream:873:1: note: candidate function template not viable: no known conversion from 'vector<std::string>' (aka 'vector<basic_string<char> >') to 'const signed char *' for 2nd argument
operator<<(basic_ostream<char, _Traits>& __os, const signed char* __str)
^
/Applications/Xcode.app/Contents/Developer/Platforms/MacOSX.platform/Developer/SDKs/MacOSX.sdk/usr/include/c++/v1/ostream:881:1: note: candidate function template not viable: no known conversion from 'vector<std::string>' (aka 'vector<basic_string<char> >') to 'const unsigned char *' for 2nd argument
operator<<(basic_ostream<char, _Traits>& __os, const unsigned char* __str)
^
/Applications/Xcode.app/Contents/Developer/Platforms/MacOSX.platform/Developer/SDKs/MacOSX.sdk/usr/include/c++/v1/ostream:1070:1: note: candidate function template not viable: no known conversion from 'vector<std::string>' (aka 'vector<basic_string<char> >') to 'const std::error_code' for 2nd argument
operator<<(basic_ostream<_CharT, _Traits>& __os, const error_code& __ec)
^
/Applications/Xcode.app/Contents/Developer/Platforms/MacOSX.platform/Developer/SDKs/MacOSX.sdk/usr/include/c++/v1/ostream:752:1: note: candidate template ignored: deduced conflicting types for parameter '_CharT' ('char' vs. 'std::vector<std::string>')
operator<<(basic_ostream<_CharT, _Traits>& __os, _CharT __c)
^
/Applications/Xcode.app/Contents/Developer/Platforms/MacOSX.platform/Developer/SDKs/MacOSX.sdk/usr/include/c++/v1/ostream:813:1: note: candidate template ignored: could not match 'const _CharT *' against 'vector<std::string>' (aka 'vector<basic_string<char> >')
operator<<(basic_ostream<_CharT, _Traits>& __os, const _CharT* __str)
^
/Applications/Xcode.app/Contents/Developer/Platforms/MacOSX.platform/Developer/SDKs/MacOSX.sdk/usr/include/c++/v1/ostream:1053:1: note: candidate template ignored: could not match 'basic_string' against 'vector'
operator<<(basic_ostream<_CharT, _Traits>& __os,
^
/Applications/Xcode.app/Contents/Developer/Platforms/MacOSX.platform/Developer/SDKs/MacOSX.sdk/usr/include/c++/v1/ostream:1061:1: note: candidate template ignored: could not match 'basic_string_view' against 'vector'
operator<<(basic_ostream<_CharT, _Traits>& __os,
^
/Applications/Xcode.app/Contents/Developer/Platforms/MacOSX.platform/Developer/SDKs/MacOSX.sdk/usr/include/c++/v1/ostream:1078:1: note: candidate template ignored: could not match 'shared_ptr' against 'vector'
operator<<(basic_ostream<_CharT, _Traits>& __os, shared_ptr<_Yp> const& __p)
^
/Applications/Xcode.app/Contents/Developer/Platforms/MacOSX.platform/Developer/SDKs/MacOSX.sdk/usr/include/c++/v1/ostream:1090:1: note: candidate template ignored: could not match 'unique_ptr' against 'vector'
operator<<(basic_ostream<_CharT, _Traits>& __os, unique_ptr<_Yp, _Dp> const& __p)
^
/Applications/Xcode.app/Contents/Developer/Platforms/MacOSX.platform/Developer/SDKs/MacOSX.sdk/usr/include/c++/v1/ostream:1097:1: note: candidate template ignored: could not match 'bitset' against 'vector'
operator<<(basic_ostream<_CharT, _Traits>& __os, const bitset<_Size>& __x)
^
/Applications/Xcode.app/Contents/Developer/Platforms/MacOSX.platform/Developer/SDKs/MacOSX.sdk/usr/include/c++/v1/ostream:194:20: note: candidate function not viable: no known conversion from 'vector<std::string>' (aka 'vector<basic_string<char> >') to 'std::ostream &(*)(std::ostream &)' for 1st argument
    basic_ostream& operator<<(basic_ostream& (*__pf)(basic_ostream&))
                   ^
/Applications/Xcode.app/Contents/Developer/Platforms/MacOSX.platform/Developer/SDKs/MacOSX.sdk/usr/include/c++/v1/ostream:198:20: note: candidate function not viable: no known conversion from 'vector<std::string>' (aka 'vector<basic_string<char> >') to 'basic_ios<std::basic_ostream<char>::char_type> &(*)(basic_ios<std::basic_ostream<char>::char_type> &)' (aka 'basic_ios<char> &(*)(basic_ios<char> &)') for 1st argument
    basic_ostream& operator<<(basic_ios<char_type, traits_type>&
                   ^
/Applications/Xcode.app/Contents/Developer/Platforms/MacOSX.platform/Developer/SDKs/MacOSX.sdk/usr/include/c++/v1/ostream:203:20: note: candidate function not viable: no known conversion from 'vector<std::string>' (aka 'vector<basic_string<char> >') to 'std::ios_base &(*)(std::ios_base &)' for 1st argument
    basic_ostream& operator<<(ios_base& (*__pf)(ios_base&))
                   ^
/Applications/Xcode.app/Contents/Developer/Platforms/MacOSX.platform/Developer/SDKs/MacOSX.sdk/usr/include/c++/v1/ostream:206:20: note: candidate function not viable: no known conversion from 'vector<std::string>' (aka 'vector<basic_string<char> >') to 'bool' for 1st argument
    basic_ostream& operator<<(bool __n);
                   ^
/Applications/Xcode.app/Contents/Developer/Platforms/MacOSX.platform/Developer/SDKs/MacOSX.sdk/usr/include/c++/v1/ostream:207:20: note: candidate function not viable: no known conversion from 'vector<std::string>' (aka 'vector<basic_string<char> >') to 'short' for 1st argument
    basic_ostream& operator<<(short __n);
                   ^
/Applications/Xcode.app/Contents/Developer/Platforms/MacOSX.platform/Developer/SDKs/MacOSX.sdk/usr/include/c++/v1/ostream:208:20: note: candidate function not viable: no known conversion from 'vector<std::string>' (aka 'vector<basic_string<char> >') to 'unsigned short' for 1st argument
    basic_ostream& operator<<(unsigned short __n);
                   ^
/Applications/Xcode.app/Contents/Developer/Platforms/MacOSX.platform/Developer/SDKs/MacOSX.sdk/usr/include/c++/v1/ostream:209:20: note: candidate function not viable: no known conversion from 'vector<std::string>' (aka 'vector<basic_string<char> >') to 'int' for 1st argument
    basic_ostream& operator<<(int __n);
                   ^
/Applications/Xcode.app/Contents/Developer/Platforms/MacOSX.platform/Developer/SDKs/MacOSX.sdk/usr/include/c++/v1/ostream:210:20: note: candidate function not viable: no known conversion from 'vector<std::string>' (aka 'vector<basic_string<char> >') to 'unsigned int' for 1st argument
    basic_ostream& operator<<(unsigned int __n);
                   ^
/Applications/Xcode.app/Contents/Developer/Platforms/MacOSX.platform/Developer/SDKs/MacOSX.sdk/usr/include/c++/v1/ostream:211:20: note: candidate function not viable: no known conversion from 'vector<std::string>' (aka 'vector<basic_string<char> >') to 'long' for 1st argument
    basic_ostream& operator<<(long __n);
                   ^
/Applications/Xcode.app/Contents/Developer/Platforms/MacOSX.platform/Developer/SDKs/MacOSX.sdk/usr/include/c++/v1/ostream:212:20: note: candidate function not viable: no known conversion from 'vector<std::string>' (aka 'vector<basic_string<char> >') to 'unsigned long' for 1st argument
    basic_ostream& operator<<(unsigned long __n);
                   ^
/Applications/Xcode.app/Contents/Developer/Platforms/MacOSX.platform/Developer/SDKs/MacOSX.sdk/usr/include/c++/v1/ostream:213:20: note: candidate function not viable: no known conversion from 'vector<std::string>' (aka 'vector<basic_string<char> >') to 'long long' for 1st argument
    basic_ostream& operator<<(long long __n);
                   ^
/Applications/Xcode.app/Contents/Developer/Platforms/MacOSX.platform/Developer/SDKs/MacOSX.sdk/usr/include/c++/v1/ostream:214:20: note: candidate function not viable: no known conversion from 'vector<std::string>' (aka 'vector<basic_string<char> >') to 'unsigned long long' for 1st argument
    basic_ostream& operator<<(unsigned long long __n);
                   ^
/Applications/Xcode.app/Contents/Developer/Platforms/MacOSX.platform/Developer/SDKs/MacOSX.sdk/usr/include/c++/v1/ostream:215:20: note: candidate function not viable: no known conversion from 'vector<std::string>' (aka 'vector<basic_string<char> >') to 'float' for 1st argument
    basic_ostream& operator<<(float __f);
                   ^
/Applications/Xcode.app/Contents/Developer/Platforms/MacOSX.platform/Developer/SDKs/MacOSX.sdk/usr/include/c++/v1/ostream:216:20: note: candidate function not viable: no known conversion from 'vector<std::string>' (aka 'vector<basic_string<char> >') to 'double' for 1st argument
    basic_ostream& operator<<(double __f);
                   ^
/Applications/Xcode.app/Contents/Developer/Platforms/MacOSX.platform/Developer/SDKs/MacOSX.sdk/usr/include/c++/v1/ostream:217:20: note: candidate function not viable: no known conversion from 'vector<std::string>' (aka 'vector<basic_string<char> >') to 'long double' for 1st argument
    basic_ostream& operator<<(long double __f);
                   ^
/Applications/Xcode.app/Contents/Developer/Platforms/MacOSX.platform/Developer/SDKs/MacOSX.sdk/usr/include/c++/v1/ostream:218:20: note: candidate function not viable: no known conversion from 'vector<std::string>' (aka 'vector<basic_string<char> >') to 'const void *' for 1st argument
    basic_ostream& operator<<(const void* __p);
                   ^
/Applications/Xcode.app/Contents/Developer/Platforms/MacOSX.platform/Developer/SDKs/MacOSX.sdk/usr/include/c++/v1/ostream:219:20: note: candidate function not viable: no known conversion from 'vector<std::string>' (aka 'vector<basic_string<char> >') to 'basic_streambuf<std::basic_ostream<char>::char_type> *' (aka 'basic_streambuf<char> *') for 1st argument
    basic_ostream& operator<<(basic_streambuf<char_type, traits_type>* __sb);
                   ^
/Applications/Xcode.app/Contents/Developer/Platforms/MacOSX.platform/Developer/SDKs/MacOSX.sdk/usr/include/c++/v1/ostream:222:20: note: candidate function not viable: no known conversion from 'vector<std::string>' (aka 'vector<basic_string<char> >') to 'std::nullptr_t' for 1st argument
    basic_ostream& operator<<(nullptr_t)
                   ^
3 warnings and 2 errors generated.
make: *** [src/hello.o] Error 1
"make all" terminated with exit code 2. Build might be incomplete.
19:16:10 **** Incremental Build of configuration Debug for project hello ****
make all 
Building file: ../src/hello.cpp
Invoking: GCC C++ Compiler
g++ -O0 -g3 -Wall -c -fmessage-length=0 -MMD -MP -MF"src/hello.d" -MT"src/hello.o" -o "src/hello.o" "../src/hello.cpp"
../src/hello.cpp:15:7: error: invalid operands to binary expression ('std::ostream' (aka 'basic_ostream<char>') and 'void')
        cout << UpdateIfGreater(x, y);
        ~~~~ ^  ~~~~~~~~~~~~~~~~~~~~~
/Applications/Xcode.app/Contents/Developer/Platforms/MacOSX.platform/Developer/SDKs/MacOSX.sdk/usr/include/c++/v1/ostream:759:1: note: candidate function template not viable: cannot convert argument of incomplete type 'void' to 'char' for 2nd argument
operator<<(basic_ostream<_CharT, _Traits>& __os, char __cn)
^
/Applications/Xcode.app/Contents/Developer/Platforms/MacOSX.platform/Developer/SDKs/MacOSX.sdk/usr/include/c++/v1/ostream:792:1: note: candidate function template not viable: cannot convert argument of incomplete type 'void' to 'char' for 2nd argument
operator<<(basic_ostream<char, _Traits>& __os, char __c)
^
/Applications/Xcode.app/Contents/Developer/Platforms/MacOSX.platform/Developer/SDKs/MacOSX.sdk/usr/include/c++/v1/ostream:799:1: note: candidate function template not viable: cannot convert argument of incomplete type 'void' to 'signed char' for 2nd argument
operator<<(basic_ostream<char, _Traits>& __os, signed char __c)
^
/Applications/Xcode.app/Contents/Developer/Platforms/MacOSX.platform/Developer/SDKs/MacOSX.sdk/usr/include/c++/v1/ostream:806:1: note: candidate function template not viable: cannot convert argument of incomplete type 'void' to 'unsigned char' for 2nd argument
operator<<(basic_ostream<char, _Traits>& __os, unsigned char __c)
^
/Applications/Xcode.app/Contents/Developer/Platforms/MacOSX.platform/Developer/SDKs/MacOSX.sdk/usr/include/c++/v1/ostream:820:1: note: candidate function template not viable: cannot convert argument of incomplete type 'void' to 'const char *' for 2nd argument
operator<<(basic_ostream<_CharT, _Traits>& __os, const char* __strn)
^
/Applications/Xcode.app/Contents/Developer/Platforms/MacOSX.platform/Developer/SDKs/MacOSX.sdk/usr/include/c++/v1/ostream:866:1: note: candidate function template not viable: cannot convert argument of incomplete type 'void' to 'const char *' for 2nd argument
operator<<(basic_ostream<char, _Traits>& __os, const char* __str)
^
/Applications/Xcode.app/Contents/Developer/Platforms/MacOSX.platform/Developer/SDKs/MacOSX.sdk/usr/include/c++/v1/ostream:873:1: note: candidate function template not viable: cannot convert argument of incomplete type 'void' to 'const signed char *' for 2nd argument
operator<<(basic_ostream<char, _Traits>& __os, const signed char* __str)
^
/Applications/Xcode.app/Contents/Developer/Platforms/MacOSX.platform/Developer/SDKs/MacOSX.sdk/usr/include/c++/v1/ostream:881:1: note: candidate function template not viable: cannot convert argument of incomplete type 'void' to 'const unsigned char *' for 2nd argument
operator<<(basic_ostream<char, _Traits>& __os, const unsigned char* __str)
^
/Applications/Xcode.app/Contents/Developer/Platforms/MacOSX.platform/Developer/SDKs/MacOSX.sdk/usr/include/c++/v1/ostream:1070:1: note: candidate function template not viable: cannot convert argument of incomplete type 'void' to 'const std::error_code' for 2nd argument
operator<<(basic_ostream<_CharT, _Traits>& __os, const error_code& __ec)
^
/Applications/Xcode.app/Contents/Developer/Platforms/MacOSX.platform/Developer/SDKs/MacOSX.sdk/usr/include/c++/v1/ostream:752:1: note: candidate template ignored: deduced conflicting types for parameter '_CharT' ('char' vs. 'void')
operator<<(basic_ostream<_CharT, _Traits>& __os, _CharT __c)
^
/Applications/Xcode.app/Contents/Developer/Platforms/MacOSX.platform/Developer/SDKs/MacOSX.sdk/usr/include/c++/v1/ostream:813:1: note: candidate template ignored: could not match 'const _CharT *' against 'void'
operator<<(basic_ostream<_CharT, _Traits>& __os, const _CharT* __str)
^
/Applications/Xcode.app/Contents/Developer/Platforms/MacOSX.platform/Developer/SDKs/MacOSX.sdk/usr/include/c++/v1/ostream:1053:1: note: candidate template ignored: could not match 'basic_string<type-parameter-0-0, type-parameter-0-1, type-parameter-0-2>' against 'void'
operator<<(basic_ostream<_CharT, _Traits>& __os,
^
/Applications/Xcode.app/Contents/Developer/Platforms/MacOSX.platform/Developer/SDKs/MacOSX.sdk/usr/include/c++/v1/ostream:1061:1: note: candidate template ignored: could not match 'basic_string_view<type-parameter-0-0, type-parameter-0-1>' against 'void'
operator<<(basic_ostream<_CharT, _Traits>& __os,
^
/Applications/Xcode.app/Contents/Developer/Platforms/MacOSX.platform/Developer/SDKs/MacOSX.sdk/usr/include/c++/v1/ostream:1078:1: note: candidate template ignored: could not match 'shared_ptr<type-parameter-0-2>' against 'void'
operator<<(basic_ostream<_CharT, _Traits>& __os, shared_ptr<_Yp> const& __p)
^
/Applications/Xcode.app/Contents/Developer/Platforms/MacOSX.platform/Developer/SDKs/MacOSX.sdk/usr/include/c++/v1/ostream:1090:1: note: candidate template ignored: could not match 'unique_ptr<type-parameter-0-2, type-parameter-0-3>' against 'void'
operator<<(basic_ostream<_CharT, _Traits>& __os, unique_ptr<_Yp, _Dp> const& __p)
^
/Applications/Xcode.app/Contents/Developer/Platforms/MacOSX.platform/Developer/SDKs/MacOSX.sdk/usr/include/c++/v1/ostream:1097:1: note: candidate template ignored: could not match 'bitset<_Size>' against 'void'
operator<<(basic_ostream<_CharT, _Traits>& __os, const bitset<_Size>& __x)
^
/Applications/Xcode.app/Contents/Developer/Platforms/MacOSX.platform/Developer/SDKs/MacOSX.sdk/usr/include/c++/v1/ostream:194:20: note: candidate function not viable: cannot convert argument of incomplete type 'void' to 'std::ostream &(*)(std::ostream &)' for 1st argument
    basic_ostream& operator<<(basic_ostream& (*__pf)(basic_ostream&))
                   ^
/Applications/Xcode.app/Contents/Developer/Platforms/MacOSX.platform/Developer/SDKs/MacOSX.sdk/usr/include/c++/v1/ostream:198:20: note: candidate function not viable: cannot convert argument of incomplete type 'void' to 'basic_ios<std::basic_ostream<char>::char_type> &(*)(basic_ios<std::basic_ostream<char>::char_type> &)' (aka 'basic_ios<char> &(*)(basic_ios<char> &)') for 1st argument
    basic_ostream& operator<<(basic_ios<char_type, traits_type>&
                   ^
/Applications/Xcode.app/Contents/Developer/Platforms/MacOSX.platform/Developer/SDKs/MacOSX.sdk/usr/include/c++/v1/ostream:203:20: note: candidate function not viable: cannot convert argument of incomplete type 'void' to 'std::ios_base &(*)(std::ios_base &)' for 1st argument
    basic_ostream& operator<<(ios_base& (*__pf)(ios_base&))
                   ^
/Applications/Xcode.app/Contents/Developer/Platforms/MacOSX.platform/Developer/SDKs/MacOSX.sdk/usr/include/c++/v1/ostream:206:20: note: candidate function not viable: cannot convert argument of incomplete type 'void' to 'bool' for 1st argument
    basic_ostream& operator<<(bool __n);
                   ^
/Applications/Xcode.app/Contents/Developer/Platforms/MacOSX.platform/Developer/SDKs/MacOSX.sdk/usr/include/c++/v1/ostream:207:20: note: candidate function not viable: cannot convert argument of incomplete type 'void' to 'short' for 1st argument
    basic_ostream& operator<<(short __n);
                   ^
/Applications/Xcode.app/Contents/Developer/Platforms/MacOSX.platform/Developer/SDKs/MacOSX.sdk/usr/include/c++/v1/ostream:208:20: note: candidate function not viable: cannot convert argument of incomplete type 'void' to 'unsigned short' for 1st argument
    basic_ostream& operator<<(unsigned short __n);
                   ^
/Applications/Xcode.app/Contents/Developer/Platforms/MacOSX.platform/Developer/SDKs/MacOSX.sdk/usr/include/c++/v1/ostream:209:20: note: candidate function not viable: cannot convert argument of incomplete type 'void' to 'int' for 1st argument
    basic_ostream& operator<<(int __n);
                   ^
/Applications/Xcode.app/Contents/Developer/Platforms/MacOSX.platform/Developer/SDKs/MacOSX.sdk/usr/include/c++/v1/ostream:210:20: note: candidate function not viable: cannot convert argument of incomplete type 'void' to 'unsigned int' for 1st argument
    basic_ostream& operator<<(unsigned int __n);
                   ^
/Applications/Xcode.app/Contents/Developer/Platforms/MacOSX.platform/Developer/SDKs/MacOSX.sdk/usr/include/c++/v1/ostream:211:20: note: candidate function not viable: cannot convert argument of incomplete type 'void' to 'long' for 1st argument
    basic_ostream& operator<<(long __n);
                   ^
/Applications/Xcode.app/Contents/Developer/Platforms/MacOSX.platform/Developer/SDKs/MacOSX.sdk/usr/include/c++/v1/ostream:212:20: note: candidate function not viable: cannot convert argument of incomplete type 'void' to 'unsigned long' for 1st argument
    basic_ostream& operator<<(unsigned long __n);
                   ^
/Applications/Xcode.app/Contents/Developer/Platforms/MacOSX.platform/Developer/SDKs/MacOSX.sdk/usr/include/c++/v1/ostream:213:20: note: candidate function not viable: cannot convert argument of incomplete type 'void' to 'long long' for 1st argument
    basic_ostream& operator<<(long long __n);
                   ^
/Applications/Xcode.app/Contents/Developer/Platforms/MacOSX.platform/Developer/SDKs/MacOSX.sdk/usr/include/c++/v1/ostream:214:20: note: candidate function not viable: cannot convert argument of incomplete type 'void' to 'unsigned long long' for 1st argument
    basic_ostream& operator<<(unsigned long long __n);
                   ^
/Applications/Xcode.app/Contents/Developer/Platforms/MacOSX.platform/Developer/SDKs/MacOSX.sdk/usr/include/c++/v1/ostream:215:20: note: candidate function not viable: cannot convert argument of incomplete type 'void' to 'float' for 1st argument
    basic_ostream& operator<<(float __f);
                   ^
/Applications/Xcode.app/Contents/Developer/Platforms/MacOSX.platform/Developer/SDKs/MacOSX.sdk/usr/include/c++/v1/ostream:216:20: note: candidate function not viable: cannot convert argument of incomplete type 'void' to 'double' for 1st argument
    basic_ostream& operator<<(double __f);
                   ^
/Applications/Xcode.app/Contents/Developer/Platforms/MacOSX.platform/Developer/SDKs/MacOSX.sdk/usr/include/c++/v1/ostream:217:20: note: candidate function not viable: cannot convert argument of incomplete type 'void' to 'long double' for 1st argument
    basic_ostream& operator<<(long double __f);
                   ^
/Applications/Xcode.app/Contents/Developer/Platforms/MacOSX.platform/Developer/SDKs/MacOSX.sdk/usr/include/c++/v1/ostream:218:20: note: candidate function not viable: cannot convert argument of incomplete type 'void' to 'const void *' for 1st argument
    basic_ostream& operator<<(const void* __p);
                   ^
/Applications/Xcode.app/Contents/Developer/Platforms/MacOSX.platform/Developer/SDKs/MacOSX.sdk/usr/include/c++/v1/ostream:219:20: note: candidate function not viable: cannot convert argument of incomplete type 'void' to 'basic_streambuf<std::basic_ostream<char>::char_type> *' (aka 'basic_streambuf<char> *') for 1st argument
    basic_ostream& operator<<(basic_streambuf<char_type, traits_type>* __sb);
                   ^
/Applications/Xcode.app/Contents/Developer/Platforms/MacOSX.platform/Developer/SDKs/MacOSX.sdk/usr/include/c++/v1/ostream:222:20: note: candidate function not viable: cannot convert argument of incomplete type 'void' to 'std::nullptr_t' for 1st argument
    basic_ostream& operator<<(nullptr_t)
                   ^
1 error generated.
make: *** [src/hello.o] Error 1
"make all" terminated with exit code 2. Build might be incomplete.
19:16:58 **** Incremental Build of configuration Debug for project hello ****
make all 
Building file: ../src/hello.cpp
Invoking: GCC C++ Compiler
g++ -O0 -g3 -Wall -c -fmessage-length=0 -MMD -MP -MF"src/hello.d" -MT"src/hello.o" -o "src/hello.o" "../src/hello.cpp"
Finished building: ../src/hello.cpp
 
Building target: hello
Invoking: MacOS X C++ Linker
g++  -o "hello"  ./src/hello.o   
Finished building target: hello
 
19:17:07 **** Incremental Build of configuration Debug for project hello ****
make all 
Building file: ../src/hello.cpp
Invoking: GCC C++ Compiler
g++ -O0 -g3 -Wall -c -fmessage-length=0 -MMD -MP -MF"src/hello.d" -MT"src/hello.o" -o "src/hello.o" "../src/hello.cpp"
Finished building: ../src/hello.cpp
 
Building target: hello
Invoking: MacOS X C++ Linker
g++  -o "hello"  ./src/hello.o   
Finished building target: hello
 
19:17:19 **** Incremental Build of configuration Debug for project hello ****
make all 
Building file: ../src/hello.cpp
Invoking: GCC C++ Compiler
g++ -O0 -g3 -Wall -c -fmessage-length=0 -MMD -MP -MF"src/hello.d" -MT"src/hello.o" -o "src/hello.o" "../src/hello.cpp"
../src/hello.cpp:15:2: error: no matching function for call to 'UpdateIfGreater'
        UpdateIfGreater(18, y);
        ^~~~~~~~~~~~~~~
../src/hello.cpp:7:6: note: candidate function not viable: expects an lvalue for 1st argument
void UpdateIfGreater(int& first, int& second) {
     ^
1 error generated.
make: *** [src/hello.o] Error 1
"make all" terminated with exit code 2. Build might be incomplete.
19:17:33 **** Incremental Build of configuration Debug for project hello ****
make all 
Building file: ../src/hello.cpp
Invoking: GCC C++ Compiler
g++ -O0 -g3 -Wall -c -fmessage-length=0 -MMD -MP -MF"src/hello.d" -MT"src/hello.o" -o "src/hello.o" "../src/hello.cpp"
../src/hello.cpp:14:6: warning: unused variable 'x' [-Wunused-variable]
        int x = 10; int y = 9;
            ^
1 warning generated.
Finished building: ../src/hello.cpp
 
Building target: hello
Invoking: MacOS X C++ Linker
g++  -o "hello"  ./src/hello.o   
Finished building target: hello
 
19:20:07 **** Incremental Build of configuration Debug for project hello ****
make all 
Building file: ../src/hello.cpp
Invoking: GCC C++ Compiler
g++ -O0 -g3 -Wall -c -fmessage-length=0 -MMD -MP -MF"src/hello.d" -MT"src/hello.o" -o "src/hello.o" "../src/hello.cpp"
Finished building: ../src/hello.cpp
 
Building target: hello
Invoking: MacOS X C++ Linker
g++  -o "hello"  ./src/hello.o   
Finished building target: hello
 
19:23:28 **** Incremental Build of configuration Debug for project hello ****
make all 
Building file: ../src/hello.cpp
Invoking: GCC C++ Compiler
g++ -O0 -g3 -Wall -c -fmessage-length=0 -MMD -MP -MF"src/hello.d" -MT"src/hello.o" -o "src/hello.o" "../src/hello.cpp"
../src/hello.cpp:8:7: warning: 'auto' type specifier is a C++11 extension [-Wc++11-extensions]
        for (auto word : source) {
             ^
../src/hello.cpp:8:17: warning: range-based for loop is a C++11 extension [-Wc++11-extensions]
        for (auto word : source) {
                       ^
../src/hello.cpp:15:17: error: non-aggregate type 'vector<std::string>' (aka 'vector<basic_string<char> >') cannot be initialized with an initializer list
        vector<string> source = {"a", "b", "c"};
                       ^        ~~~~~~~~~~~~~~~
../src/hello.cpp:16:17: error: non-aggregate type 'vector<std::string>' (aka 'vector<basic_string<char> >') cannot be initialized with an initializer list
        vector<string> destination = {"z"};
                       ^             ~~~~~
../src/hello.cpp:18:7: error: invalid operands to binary expression ('std::ostream' (aka 'basic_ostream<char>') and 'vector<std::string>' (aka 'vector<basic_string<char> >'))
        cout << destination;
        ~~~~ ^  ~~~~~~~~~~~
/Applications/Xcode.app/Contents/Developer/Platforms/MacOSX.platform/Developer/SDKs/MacOSX.sdk/usr/include/c++/v1/ostream:759:1: note: candidate function template not viable: no known conversion from 'vector<std::string>' (aka 'vector<basic_string<char> >') to 'char' for 2nd argument
operator<<(basic_ostream<_CharT, _Traits>& __os, char __cn)
^
/Applications/Xcode.app/Contents/Developer/Platforms/MacOSX.platform/Developer/SDKs/MacOSX.sdk/usr/include/c++/v1/ostream:792:1: note: candidate function template not viable: no known conversion from 'vector<std::string>' (aka 'vector<basic_string<char> >') to 'char' for 2nd argument
operator<<(basic_ostream<char, _Traits>& __os, char __c)
^
/Applications/Xcode.app/Contents/Developer/Platforms/MacOSX.platform/Developer/SDKs/MacOSX.sdk/usr/include/c++/v1/ostream:799:1: note: candidate function template not viable: no known conversion from 'vector<std::string>' (aka 'vector<basic_string<char> >') to 'signed char' for 2nd argument
operator<<(basic_ostream<char, _Traits>& __os, signed char __c)
^
/Applications/Xcode.app/Contents/Developer/Platforms/MacOSX.platform/Developer/SDKs/MacOSX.sdk/usr/include/c++/v1/ostream:806:1: note: candidate function template not viable: no known conversion from 'vector<std::string>' (aka 'vector<basic_string<char> >') to 'unsigned char' for 2nd argument
operator<<(basic_ostream<char, _Traits>& __os, unsigned char __c)
^
/Applications/Xcode.app/Contents/Developer/Platforms/MacOSX.platform/Developer/SDKs/MacOSX.sdk/usr/include/c++/v1/ostream:820:1: note: candidate function template not viable: no known conversion from 'vector<std::string>' (aka 'vector<basic_string<char> >') to 'const char *' for 2nd argument
operator<<(basic_ostream<_CharT, _Traits>& __os, const char* __strn)
^
/Applications/Xcode.app/Contents/Developer/Platforms/MacOSX.platform/Developer/SDKs/MacOSX.sdk/usr/include/c++/v1/ostream:866:1: note: candidate function template not viable: no known conversion from 'vector<std::string>' (aka 'vector<basic_string<char> >') to 'const char *' for 2nd argument
operator<<(basic_ostream<char, _Traits>& __os, const char* __str)
^
/Applications/Xcode.app/Contents/Developer/Platforms/MacOSX.platform/Developer/SDKs/MacOSX.sdk/usr/include/c++/v1/ostream:873:1: note: candidate function template not viable: no known conversion from 'vector<std::string>' (aka 'vector<basic_string<char> >') to 'const signed char *' for 2nd argument
operator<<(basic_ostream<char, _Traits>& __os, const signed char* __str)
^
/Applications/Xcode.app/Contents/Developer/Platforms/MacOSX.platform/Developer/SDKs/MacOSX.sdk/usr/include/c++/v1/ostream:881:1: note: candidate function template not viable: no known conversion from 'vector<std::string>' (aka 'vector<basic_string<char> >') to 'const unsigned char *' for 2nd argument
operator<<(basic_ostream<char, _Traits>& __os, const unsigned char* __str)
^
/Applications/Xcode.app/Contents/Developer/Platforms/MacOSX.platform/Developer/SDKs/MacOSX.sdk/usr/include/c++/v1/ostream:1070:1: note: candidate function template not viable: no known conversion from 'vector<std::string>' (aka 'vector<basic_string<char> >') to 'const std::error_code' for 2nd argument
operator<<(basic_ostream<_CharT, _Traits>& __os, const error_code& __ec)
^
/Applications/Xcode.app/Contents/Developer/Platforms/MacOSX.platform/Developer/SDKs/MacOSX.sdk/usr/include/c++/v1/ostream:752:1: note: candidate template ignored: deduced conflicting types for parameter '_CharT' ('char' vs. 'std::vector<std::string>')
operator<<(basic_ostream<_CharT, _Traits>& __os, _CharT __c)
^
/Applications/Xcode.app/Contents/Developer/Platforms/MacOSX.platform/Developer/SDKs/MacOSX.sdk/usr/include/c++/v1/ostream:813:1: note: candidate template ignored: could not match 'const _CharT *' against 'vector<std::string>' (aka 'vector<basic_string<char> >')
operator<<(basic_ostream<_CharT, _Traits>& __os, const _CharT* __str)
^
/Applications/Xcode.app/Contents/Developer/Platforms/MacOSX.platform/Developer/SDKs/MacOSX.sdk/usr/include/c++/v1/ostream:1053:1: note: candidate template ignored: could not match 'basic_string' against 'vector'
operator<<(basic_ostream<_CharT, _Traits>& __os,
^
/Applications/Xcode.app/Contents/Developer/Platforms/MacOSX.platform/Developer/SDKs/MacOSX.sdk/usr/include/c++/v1/ostream:1061:1: note: candidate template ignored: could not match 'basic_string_view' against 'vector'
operator<<(basic_ostream<_CharT, _Traits>& __os,
^
/Applications/Xcode.app/Contents/Developer/Platforms/MacOSX.platform/Developer/SDKs/MacOSX.sdk/usr/include/c++/v1/ostream:1078:1: note: candidate template ignored: could not match 'shared_ptr' against 'vector'
operator<<(basic_ostream<_CharT, _Traits>& __os, shared_ptr<_Yp> const& __p)
^
/Applications/Xcode.app/Contents/Developer/Platforms/MacOSX.platform/Developer/SDKs/MacOSX.sdk/usr/include/c++/v1/ostream:1090:1: note: candidate template ignored: could not match 'unique_ptr' against 'vector'
operator<<(basic_ostream<_CharT, _Traits>& __os, unique_ptr<_Yp, _Dp> const& __p)
^
/Applications/Xcode.app/Contents/Developer/Platforms/MacOSX.platform/Developer/SDKs/MacOSX.sdk/usr/include/c++/v1/ostream:1097:1: note: candidate template ignored: could not match 'bitset' against 'vector'
operator<<(basic_ostream<_CharT, _Traits>& __os, const bitset<_Size>& __x)
^
/Applications/Xcode.app/Contents/Developer/Platforms/MacOSX.platform/Developer/SDKs/MacOSX.sdk/usr/include/c++/v1/ostream:194:20: note: candidate function not viable: no known conversion from 'vector<std::string>' (aka 'vector<basic_string<char> >') to 'std::ostream &(*)(std::ostream &)' for 1st argument
    basic_ostream& operator<<(basic_ostream& (*__pf)(basic_ostream&))
                   ^
/Applications/Xcode.app/Contents/Developer/Platforms/MacOSX.platform/Developer/SDKs/MacOSX.sdk/usr/include/c++/v1/ostream:198:20: note: candidate function not viable: no known conversion from 'vector<std::string>' (aka 'vector<basic_string<char> >') to 'basic_ios<std::basic_ostream<char>::char_type> &(*)(basic_ios<std::basic_ostream<char>::char_type> &)' (aka 'basic_ios<char> &(*)(basic_ios<char> &)') for 1st argument
    basic_ostream& operator<<(basic_ios<char_type, traits_type>&
                   ^
/Applications/Xcode.app/Contents/Developer/Platforms/MacOSX.platform/Developer/SDKs/MacOSX.sdk/usr/include/c++/v1/ostream:203:20: note: candidate function not viable: no known conversion from 'vector<std::string>' (aka 'vector<basic_string<char> >') to 'std::ios_base &(*)(std::ios_base &)' for 1st argument
    basic_ostream& operator<<(ios_base& (*__pf)(ios_base&))
                   ^
/Applications/Xcode.app/Contents/Developer/Platforms/MacOSX.platform/Developer/SDKs/MacOSX.sdk/usr/include/c++/v1/ostream:206:20: note: candidate function not viable: no known conversion from 'vector<std::string>' (aka 'vector<basic_string<char> >') to 'bool' for 1st argument
    basic_ostream& operator<<(bool __n);
                   ^
/Applications/Xcode.app/Contents/Developer/Platforms/MacOSX.platform/Developer/SDKs/MacOSX.sdk/usr/include/c++/v1/ostream:207:20: note: candidate function not viable: no known conversion from 'vector<std::string>' (aka 'vector<basic_string<char> >') to 'short' for 1st argument
    basic_ostream& operator<<(short __n);
                   ^
/Applications/Xcode.app/Contents/Developer/Platforms/MacOSX.platform/Developer/SDKs/MacOSX.sdk/usr/include/c++/v1/ostream:208:20: note: candidate function not viable: no known conversion from 'vector<std::string>' (aka 'vector<basic_string<char> >') to 'unsigned short' for 1st argument
    basic_ostream& operator<<(unsigned short __n);
                   ^
/Applications/Xcode.app/Contents/Developer/Platforms/MacOSX.platform/Developer/SDKs/MacOSX.sdk/usr/include/c++/v1/ostream:209:20: note: candidate function not viable: no known conversion from 'vector<std::string>' (aka 'vector<basic_string<char> >') to 'int' for 1st argument
    basic_ostream& operator<<(int __n);
                   ^
/Applications/Xcode.app/Contents/Developer/Platforms/MacOSX.platform/Developer/SDKs/MacOSX.sdk/usr/include/c++/v1/ostream:210:20: note: candidate function not viable: no known conversion from 'vector<std::string>' (aka 'vector<basic_string<char> >') to 'unsigned int' for 1st argument
    basic_ostream& operator<<(unsigned int __n);
                   ^
/Applications/Xcode.app/Contents/Developer/Platforms/MacOSX.platform/Developer/SDKs/MacOSX.sdk/usr/include/c++/v1/ostream:211:20: note: candidate function not viable: no known conversion from 'vector<std::string>' (aka 'vector<basic_string<char> >') to 'long' for 1st argument
    basic_ostream& operator<<(long __n);
                   ^
/Applications/Xcode.app/Contents/Developer/Platforms/MacOSX.platform/Developer/SDKs/MacOSX.sdk/usr/include/c++/v1/ostream:212:20: note: candidate function not viable: no known conversion from 'vector<std::string>' (aka 'vector<basic_string<char> >') to 'unsigned long' for 1st argument
    basic_ostream& operator<<(unsigned long __n);
                   ^
/Applications/Xcode.app/Contents/Developer/Platforms/MacOSX.platform/Developer/SDKs/MacOSX.sdk/usr/include/c++/v1/ostream:213:20: note: candidate function not viable: no known conversion from 'vector<std::string>' (aka 'vector<basic_string<char> >') to 'long long' for 1st argument
    basic_ostream& operator<<(long long __n);
                   ^
/Applications/Xcode.app/Contents/Developer/Platforms/MacOSX.platform/Developer/SDKs/MacOSX.sdk/usr/include/c++/v1/ostream:214:20: note: candidate function not viable: no known conversion from 'vector<std::string>' (aka 'vector<basic_string<char> >') to 'unsigned long long' for 1st argument
    basic_ostream& operator<<(unsigned long long __n);
                   ^
/Applications/Xcode.app/Contents/Developer/Platforms/MacOSX.platform/Developer/SDKs/MacOSX.sdk/usr/include/c++/v1/ostream:215:20: note: candidate function not viable: no known conversion from 'vector<std::string>' (aka 'vector<basic_string<char> >') to 'float' for 1st argument
    basic_ostream& operator<<(float __f);
                   ^
/Applications/Xcode.app/Contents/Developer/Platforms/MacOSX.platform/Developer/SDKs/MacOSX.sdk/usr/include/c++/v1/ostream:216:20: note: candidate function not viable: no known conversion from 'vector<std::string>' (aka 'vector<basic_string<char> >') to 'double' for 1st argument
    basic_ostream& operator<<(double __f);
                   ^
/Applications/Xcode.app/Contents/Developer/Platforms/MacOSX.platform/Developer/SDKs/MacOSX.sdk/usr/include/c++/v1/ostream:217:20: note: candidate function not viable: no known conversion from 'vector<std::string>' (aka 'vector<basic_string<char> >') to 'long double' for 1st argument
    basic_ostream& operator<<(long double __f);
                   ^
/Applications/Xcode.app/Contents/Developer/Platforms/MacOSX.platform/Developer/SDKs/MacOSX.sdk/usr/include/c++/v1/ostream:218:20: note: candidate function not viable: no known conversion from 'vector<std::string>' (aka 'vector<basic_string<char> >') to 'const void *' for 1st argument; take the address of the argument with &
    basic_ostream& operator<<(const void* __p);
                   ^
/Applications/Xcode.app/Contents/Developer/Platforms/MacOSX.platform/Developer/SDKs/MacOSX.sdk/usr/include/c++/v1/ostream:219:20: note: candidate function not viable: no known conversion from 'vector<std::string>' (aka 'vector<basic_string<char> >') to 'basic_streambuf<std::basic_ostream<char>::char_type> *' (aka 'basic_streambuf<char> *') for 1st argument
    basic_ostream& operator<<(basic_streambuf<char_type, traits_type>* __sb);
                   ^
/Applications/Xcode.app/Contents/Developer/Platforms/MacOSX.platform/Developer/SDKs/MacOSX.sdk/usr/include/c++/v1/ostream:222:20: note: candidate function not viable: no known conversion from 'vector<std::string>' (aka 'vector<basic_string<char> >') to 'std::nullptr_t' for 1st argument
    basic_ostream& operator<<(nullptr_t)
                   ^
2 warnings and 3 errors generated.
make: *** [src/hello.o] Error 1
"make all" terminated with exit code 2. Build might be incomplete.
19:24:02 **** Incremental Build of configuration Debug for project hello ****
make all 
Building file: ../src/hello.cpp
Invoking: GCC C++ Compiler
g++ -O0 -g3 -Wall -c -fmessage-length=0 -MMD -MP -MF"src/hello.d" -MT"src/hello.o" -o "src/hello.o" "../src/hello.cpp"
../src/hello.cpp:8:7: warning: 'auto' type specifier is a C++11 extension [-Wc++11-extensions]
        for (auto word : source) {
             ^
../src/hello.cpp:8:17: warning: range-based for loop is a C++11 extension [-Wc++11-extensions]
        for (auto word : source) {
                       ^
../src/hello.cpp:15:17: error: non-aggregate type 'vector<std::string>' (aka 'vector<basic_string<char> >') cannot be initialized with an initializer list
        vector<string> source = {"a", "b", "c"};
                       ^        ~~~~~~~~~~~~~~~
../src/hello.cpp:16:17: error: non-aggregate type 'vector<std::string>' (aka 'vector<basic_string<char> >') cannot be initialized with an initializer list
        vector<string> destination = {"z"};
                       ^             ~~~~~
../src/hello.cpp:18:7: error: invalid operands to binary expression ('std::ostream' (aka 'basic_ostream<char>') and 'vector<std::string>' (aka 'vector<basic_string<char> >'))
        cout << destination;
        ~~~~ ^  ~~~~~~~~~~~
/Applications/Xcode.app/Contents/Developer/Platforms/MacOSX.platform/Developer/SDKs/MacOSX.sdk/usr/include/c++/v1/ostream:759:1: note: candidate function template not viable: no known conversion from 'vector<std::string>' (aka 'vector<basic_string<char> >') to 'char' for 2nd argument
operator<<(basic_ostream<_CharT, _Traits>& __os, char __cn)
^
/Applications/Xcode.app/Contents/Developer/Platforms/MacOSX.platform/Developer/SDKs/MacOSX.sdk/usr/include/c++/v1/ostream:792:1: note: candidate function template not viable: no known conversion from 'vector<std::string>' (aka 'vector<basic_string<char> >') to 'char' for 2nd argument
operator<<(basic_ostream<char, _Traits>& __os, char __c)
^
/Applications/Xcode.app/Contents/Developer/Platforms/MacOSX.platform/Developer/SDKs/MacOSX.sdk/usr/include/c++/v1/ostream:799:1: note: candidate function template not viable: no known conversion from 'vector<std::string>' (aka 'vector<basic_string<char> >') to 'signed char' for 2nd argument
operator<<(basic_ostream<char, _Traits>& __os, signed char __c)
^
/Applications/Xcode.app/Contents/Developer/Platforms/MacOSX.platform/Developer/SDKs/MacOSX.sdk/usr/include/c++/v1/ostream:806:1: note: candidate function template not viable: no known conversion from 'vector<std::string>' (aka 'vector<basic_string<char> >') to 'unsigned char' for 2nd argument
operator<<(basic_ostream<char, _Traits>& __os, unsigned char __c)
^
/Applications/Xcode.app/Contents/Developer/Platforms/MacOSX.platform/Developer/SDKs/MacOSX.sdk/usr/include/c++/v1/ostream:820:1: note: candidate function template not viable: no known conversion from 'vector<std::string>' (aka 'vector<basic_string<char> >') to 'const char *' for 2nd argument
operator<<(basic_ostream<_CharT, _Traits>& __os, const char* __strn)
^
/Applications/Xcode.app/Contents/Developer/Platforms/MacOSX.platform/Developer/SDKs/MacOSX.sdk/usr/include/c++/v1/ostream:866:1: note: candidate function template not viable: no known conversion from 'vector<std::string>' (aka 'vector<basic_string<char> >') to 'const char *' for 2nd argument
operator<<(basic_ostream<char, _Traits>& __os, const char* __str)
^
/Applications/Xcode.app/Contents/Developer/Platforms/MacOSX.platform/Developer/SDKs/MacOSX.sdk/usr/include/c++/v1/ostream:873:1: note: candidate function template not viable: no known conversion from 'vector<std::string>' (aka 'vector<basic_string<char> >') to 'const signed char *' for 2nd argument
operator<<(basic_ostream<char, _Traits>& __os, const signed char* __str)
^
/Applications/Xcode.app/Contents/Developer/Platforms/MacOSX.platform/Developer/SDKs/MacOSX.sdk/usr/include/c++/v1/ostream:881:1: note: candidate function template not viable: no known conversion from 'vector<std::string>' (aka 'vector<basic_string<char> >') to 'const unsigned char *' for 2nd argument
operator<<(basic_ostream<char, _Traits>& __os, const unsigned char* __str)
^
/Applications/Xcode.app/Contents/Developer/Platforms/MacOSX.platform/Developer/SDKs/MacOSX.sdk/usr/include/c++/v1/ostream:1070:1: note: candidate function template not viable: no known conversion from 'vector<std::string>' (aka 'vector<basic_string<char> >') to 'const std::error_code' for 2nd argument
operator<<(basic_ostream<_CharT, _Traits>& __os, const error_code& __ec)
^
/Applications/Xcode.app/Contents/Developer/Platforms/MacOSX.platform/Developer/SDKs/MacOSX.sdk/usr/include/c++/v1/ostream:752:1: note: candidate template ignored: deduced conflicting types for parameter '_CharT' ('char' vs. 'std::vector<std::string>')
operator<<(basic_ostream<_CharT, _Traits>& __os, _CharT __c)
^
/Applications/Xcode.app/Contents/Developer/Platforms/MacOSX.platform/Developer/SDKs/MacOSX.sdk/usr/include/c++/v1/ostream:813:1: note: candidate template ignored: could not match 'const _CharT *' against 'vector<std::string>' (aka 'vector<basic_string<char> >')
operator<<(basic_ostream<_CharT, _Traits>& __os, const _CharT* __str)
^
/Applications/Xcode.app/Contents/Developer/Platforms/MacOSX.platform/Developer/SDKs/MacOSX.sdk/usr/include/c++/v1/ostream:1053:1: note: candidate template ignored: could not match 'basic_string' against 'vector'
operator<<(basic_ostream<_CharT, _Traits>& __os,
^
/Applications/Xcode.app/Contents/Developer/Platforms/MacOSX.platform/Developer/SDKs/MacOSX.sdk/usr/include/c++/v1/ostream:1061:1: note: candidate template ignored: could not match 'basic_string_view' against 'vector'
operator<<(basic_ostream<_CharT, _Traits>& __os,
^
/Applications/Xcode.app/Contents/Developer/Platforms/MacOSX.platform/Developer/SDKs/MacOSX.sdk/usr/include/c++/v1/ostream:1078:1: note: candidate template ignored: could not match 'shared_ptr' against 'vector'
operator<<(basic_ostream<_CharT, _Traits>& __os, shared_ptr<_Yp> const& __p)
^
/Applications/Xcode.app/Contents/Developer/Platforms/MacOSX.platform/Developer/SDKs/MacOSX.sdk/usr/include/c++/v1/ostream:1090:1: note: candidate template ignored: could not match 'unique_ptr' against 'vector'
operator<<(basic_ostream<_CharT, _Traits>& __os, unique_ptr<_Yp, _Dp> const& __p)
^
/Applications/Xcode.app/Contents/Developer/Platforms/MacOSX.platform/Developer/SDKs/MacOSX.sdk/usr/include/c++/v1/ostream:1097:1: note: candidate template ignored: could not match 'bitset' against 'vector'
operator<<(basic_ostream<_CharT, _Traits>& __os, const bitset<_Size>& __x)
^
/Applications/Xcode.app/Contents/Developer/Platforms/MacOSX.platform/Developer/SDKs/MacOSX.sdk/usr/include/c++/v1/ostream:194:20: note: candidate function not viable: no known conversion from 'vector<std::string>' (aka 'vector<basic_string<char> >') to 'std::ostream &(*)(std::ostream &)' for 1st argument
    basic_ostream& operator<<(basic_ostream& (*__pf)(basic_ostream&))
                   ^
/Applications/Xcode.app/Contents/Developer/Platforms/MacOSX.platform/Developer/SDKs/MacOSX.sdk/usr/include/c++/v1/ostream:198:20: note: candidate function not viable: no known conversion from 'vector<std::string>' (aka 'vector<basic_string<char> >') to 'basic_ios<std::basic_ostream<char>::char_type> &(*)(basic_ios<std::basic_ostream<char>::char_type> &)' (aka 'basic_ios<char> &(*)(basic_ios<char> &)') for 1st argument
    basic_ostream& operator<<(basic_ios<char_type, traits_type>&
                   ^
/Applications/Xcode.app/Contents/Developer/Platforms/MacOSX.platform/Developer/SDKs/MacOSX.sdk/usr/include/c++/v1/ostream:203:20: note: candidate function not viable: no known conversion from 'vector<std::string>' (aka 'vector<basic_string<char> >') to 'std::ios_base &(*)(std::ios_base &)' for 1st argument
    basic_ostream& operator<<(ios_base& (*__pf)(ios_base&))
                   ^
/Applications/Xcode.app/Contents/Developer/Platforms/MacOSX.platform/Developer/SDKs/MacOSX.sdk/usr/include/c++/v1/ostream:206:20: note: candidate function not viable: no known conversion from 'vector<std::string>' (aka 'vector<basic_string<char> >') to 'bool' for 1st argument
    basic_ostream& operator<<(bool __n);
                   ^
/Applications/Xcode.app/Contents/Developer/Platforms/MacOSX.platform/Developer/SDKs/MacOSX.sdk/usr/include/c++/v1/ostream:207:20: note: candidate function not viable: no known conversion from 'vector<std::string>' (aka 'vector<basic_string<char> >') to 'short' for 1st argument
    basic_ostream& operator<<(short __n);
                   ^
/Applications/Xcode.app/Contents/Developer/Platforms/MacOSX.platform/Developer/SDKs/MacOSX.sdk/usr/include/c++/v1/ostream:208:20: note: candidate function not viable: no known conversion from 'vector<std::string>' (aka 'vector<basic_string<char> >') to 'unsigned short' for 1st argument
    basic_ostream& operator<<(unsigned short __n);
                   ^
/Applications/Xcode.app/Contents/Developer/Platforms/MacOSX.platform/Developer/SDKs/MacOSX.sdk/usr/include/c++/v1/ostream:209:20: note: candidate function not viable: no known conversion from 'vector<std::string>' (aka 'vector<basic_string<char> >') to 'int' for 1st argument
    basic_ostream& operator<<(int __n);
                   ^
/Applications/Xcode.app/Contents/Developer/Platforms/MacOSX.platform/Developer/SDKs/MacOSX.sdk/usr/include/c++/v1/ostream:210:20: note: candidate function not viable: no known conversion from 'vector<std::string>' (aka 'vector<basic_string<char> >') to 'unsigned int' for 1st argument
    basic_ostream& operator<<(unsigned int __n);
                   ^
/Applications/Xcode.app/Contents/Developer/Platforms/MacOSX.platform/Developer/SDKs/MacOSX.sdk/usr/include/c++/v1/ostream:211:20: note: candidate function not viable: no known conversion from 'vector<std::string>' (aka 'vector<basic_string<char> >') to 'long' for 1st argument
    basic_ostream& operator<<(long __n);
                   ^
/Applications/Xcode.app/Contents/Developer/Platforms/MacOSX.platform/Developer/SDKs/MacOSX.sdk/usr/include/c++/v1/ostream:212:20: note: candidate function not viable: no known conversion from 'vector<std::string>' (aka 'vector<basic_string<char> >') to 'unsigned long' for 1st argument
    basic_ostream& operator<<(unsigned long __n);
                   ^
/Applications/Xcode.app/Contents/Developer/Platforms/MacOSX.platform/Developer/SDKs/MacOSX.sdk/usr/include/c++/v1/ostream:213:20: note: candidate function not viable: no known conversion from 'vector<std::string>' (aka 'vector<basic_string<char> >') to 'long long' for 1st argument
    basic_ostream& operator<<(long long __n);
                   ^
/Applications/Xcode.app/Contents/Developer/Platforms/MacOSX.platform/Developer/SDKs/MacOSX.sdk/usr/include/c++/v1/ostream:214:20: note: candidate function not viable: no known conversion from 'vector<std::string>' (aka 'vector<basic_string<char> >') to 'unsigned long long' for 1st argument
    basic_ostream& operator<<(unsigned long long __n);
                   ^
/Applications/Xcode.app/Contents/Developer/Platforms/MacOSX.platform/Developer/SDKs/MacOSX.sdk/usr/include/c++/v1/ostream:215:20: note: candidate function not viable: no known conversion from 'vector<std::string>' (aka 'vector<basic_string<char> >') to 'float' for 1st argument
    basic_ostream& operator<<(float __f);
                   ^
/Applications/Xcode.app/Contents/Developer/Platforms/MacOSX.platform/Developer/SDKs/MacOSX.sdk/usr/include/c++/v1/ostream:216:20: note: candidate function not viable: no known conversion from 'vector<std::string>' (aka 'vector<basic_string<char> >') to 'double' for 1st argument
    basic_ostream& operator<<(double __f);
                   ^
/Applications/Xcode.app/Contents/Developer/Platforms/MacOSX.platform/Developer/SDKs/MacOSX.sdk/usr/include/c++/v1/ostream:217:20: note: candidate function not viable: no known conversion from 'vector<std::string>' (aka 'vector<basic_string<char> >') to 'long double' for 1st argument
    basic_ostream& operator<<(long double __f);
                   ^
/Applications/Xcode.app/Contents/Developer/Platforms/MacOSX.platform/Developer/SDKs/MacOSX.sdk/usr/include/c++/v1/ostream:218:20: note: candidate function not viable: no known conversion from 'vector<std::string>' (aka 'vector<basic_string<char> >') to 'const void *' for 1st argument; take the address of the argument with &
    basic_ostream& operator<<(const void* __p);
                   ^
/Applications/Xcode.app/Contents/Developer/Platforms/MacOSX.platform/Developer/SDKs/MacOSX.sdk/usr/include/c++/v1/ostream:219:20: note: candidate function not viable: no known conversion from 'vector<std::string>' (aka 'vector<basic_string<char> >') to 'basic_streambuf<std::basic_ostream<char>::char_type> *' (aka 'basic_streambuf<char> *') for 1st argument
    basic_ostream& operator<<(basic_streambuf<char_type, traits_type>* __sb);
                   ^
/Applications/Xcode.app/Contents/Developer/Platforms/MacOSX.platform/Developer/SDKs/MacOSX.sdk/usr/include/c++/v1/ostream:222:20: note: candidate function not viable: no known conversion from 'vector<std::string>' (aka 'vector<basic_string<char> >') to 'std::nullptr_t' for 1st argument
    basic_ostream& operator<<(nullptr_t)
                   ^
2 warnings and 3 errors generated.
make: *** [src/hello.o] Error 1
"make all" terminated with exit code 2. Build might be incomplete.
19:25:01 **** Incremental Build of configuration Debug for project hello ****
make all 
Building file: ../src/hello.cpp
Invoking: GCC C++ Compiler
g++ -O0 -g3 -Wall -c -fmessage-length=0 -MMD -MP -MF"src/hello.d" -MT"src/hello.o" -o "src/hello.o" "../src/hello.cpp"
../src/hello.cpp:8:7: warning: 'auto' type specifier is a C++11 extension [-Wc++11-extensions]
        for (auto word : source) {
             ^
../src/hello.cpp:8:17: warning: range-based for loop is a C++11 extension [-Wc++11-extensions]
        for (auto word : source) {
                       ^
../src/hello.cpp:15:17: error: non-aggregate type 'vector<std::string>' (aka 'vector<basic_string<char> >') cannot be initialized with an initializer list
        vector<string> source = {"a", "b", "c"};
                       ^        ~~~~~~~~~~~~~~~
../src/hello.cpp:16:17: error: non-aggregate type 'vector<std::string>' (aka 'vector<basic_string<char> >') cannot be initialized with an initializer list
        vector<string> destination = {"z"};
                       ^             ~~~~~
../src/hello.cpp:18:7: error: invalid operands to binary expression ('std::ostream' (aka 'basic_ostream<char>') and 'vector<std::string>' (aka 'vector<basic_string<char> >'))
        cout << destination;
        ~~~~ ^  ~~~~~~~~~~~
/Applications/Xcode.app/Contents/Developer/Platforms/MacOSX.platform/Developer/SDKs/MacOSX.sdk/usr/include/c++/v1/ostream:759:1: note: candidate function template not viable: no known conversion from 'vector<std::string>' (aka 'vector<basic_string<char> >') to 'char' for 2nd argument
operator<<(basic_ostream<_CharT, _Traits>& __os, char __cn)
^
/Applications/Xcode.app/Contents/Developer/Platforms/MacOSX.platform/Developer/SDKs/MacOSX.sdk/usr/include/c++/v1/ostream:792:1: note: candidate function template not viable: no known conversion from 'vector<std::string>' (aka 'vector<basic_string<char> >') to 'char' for 2nd argument
operator<<(basic_ostream<char, _Traits>& __os, char __c)
^
/Applications/Xcode.app/Contents/Developer/Platforms/MacOSX.platform/Developer/SDKs/MacOSX.sdk/usr/include/c++/v1/ostream:799:1: note: candidate function template not viable: no known conversion from 'vector<std::string>' (aka 'vector<basic_string<char> >') to 'signed char' for 2nd argument
operator<<(basic_ostream<char, _Traits>& __os, signed char __c)
^
/Applications/Xcode.app/Contents/Developer/Platforms/MacOSX.platform/Developer/SDKs/MacOSX.sdk/usr/include/c++/v1/ostream:806:1: note: candidate function template not viable: no known conversion from 'vector<std::string>' (aka 'vector<basic_string<char> >') to 'unsigned char' for 2nd argument
operator<<(basic_ostream<char, _Traits>& __os, unsigned char __c)
^
/Applications/Xcode.app/Contents/Developer/Platforms/MacOSX.platform/Developer/SDKs/MacOSX.sdk/usr/include/c++/v1/ostream:820:1: note: candidate function template not viable: no known conversion from 'vector<std::string>' (aka 'vector<basic_string<char> >') to 'const char *' for 2nd argument
operator<<(basic_ostream<_CharT, _Traits>& __os, const char* __strn)
^
/Applications/Xcode.app/Contents/Developer/Platforms/MacOSX.platform/Developer/SDKs/MacOSX.sdk/usr/include/c++/v1/ostream:866:1: note: candidate function template not viable: no known conversion from 'vector<std::string>' (aka 'vector<basic_string<char> >') to 'const char *' for 2nd argument
operator<<(basic_ostream<char, _Traits>& __os, const char* __str)
^
/Applications/Xcode.app/Contents/Developer/Platforms/MacOSX.platform/Developer/SDKs/MacOSX.sdk/usr/include/c++/v1/ostream:873:1: note: candidate function template not viable: no known conversion from 'vector<std::string>' (aka 'vector<basic_string<char> >') to 'const signed char *' for 2nd argument
operator<<(basic_ostream<char, _Traits>& __os, const signed char* __str)
^
/Applications/Xcode.app/Contents/Developer/Platforms/MacOSX.platform/Developer/SDKs/MacOSX.sdk/usr/include/c++/v1/ostream:881:1: note: candidate function template not viable: no known conversion from 'vector<std::string>' (aka 'vector<basic_string<char> >') to 'const unsigned char *' for 2nd argument
operator<<(basic_ostream<char, _Traits>& __os, const unsigned char* __str)
^
/Applications/Xcode.app/Contents/Developer/Platforms/MacOSX.platform/Developer/SDKs/MacOSX.sdk/usr/include/c++/v1/ostream:1070:1: note: candidate function template not viable: no known conversion from 'vector<std::string>' (aka 'vector<basic_string<char> >') to 'const std::error_code' for 2nd argument
operator<<(basic_ostream<_CharT, _Traits>& __os, const error_code& __ec)
^
/Applications/Xcode.app/Contents/Developer/Platforms/MacOSX.platform/Developer/SDKs/MacOSX.sdk/usr/include/c++/v1/ostream:752:1: note: candidate template ignored: deduced conflicting types for parameter '_CharT' ('char' vs. 'std::vector<std::string>')
operator<<(basic_ostream<_CharT, _Traits>& __os, _CharT __c)
^
/Applications/Xcode.app/Contents/Developer/Platforms/MacOSX.platform/Developer/SDKs/MacOSX.sdk/usr/include/c++/v1/ostream:813:1: note: candidate template ignored: could not match 'const _CharT *' against 'vector<std::string>' (aka 'vector<basic_string<char> >')
operator<<(basic_ostream<_CharT, _Traits>& __os, const _CharT* __str)
^
/Applications/Xcode.app/Contents/Developer/Platforms/MacOSX.platform/Developer/SDKs/MacOSX.sdk/usr/include/c++/v1/ostream:1053:1: note: candidate template ignored: could not match 'basic_string' against 'vector'
operator<<(basic_ostream<_CharT, _Traits>& __os,
^
/Applications/Xcode.app/Contents/Developer/Platforms/MacOSX.platform/Developer/SDKs/MacOSX.sdk/usr/include/c++/v1/ostream:1061:1: note: candidate template ignored: could not match 'basic_string_view' against 'vector'
operator<<(basic_ostream<_CharT, _Traits>& __os,
^
/Applications/Xcode.app/Contents/Developer/Platforms/MacOSX.platform/Developer/SDKs/MacOSX.sdk/usr/include/c++/v1/ostream:1078:1: note: candidate template ignored: could not match 'shared_ptr' against 'vector'
operator<<(basic_ostream<_CharT, _Traits>& __os, shared_ptr<_Yp> const& __p)
^
/Applications/Xcode.app/Contents/Developer/Platforms/MacOSX.platform/Developer/SDKs/MacOSX.sdk/usr/include/c++/v1/ostream:1090:1: note: candidate template ignored: could not match 'unique_ptr' against 'vector'
operator<<(basic_ostream<_CharT, _Traits>& __os, unique_ptr<_Yp, _Dp> const& __p)
^
/Applications/Xcode.app/Contents/Developer/Platforms/MacOSX.platform/Developer/SDKs/MacOSX.sdk/usr/include/c++/v1/ostream:1097:1: note: candidate template ignored: could not match 'bitset' against 'vector'
operator<<(basic_ostream<_CharT, _Traits>& __os, const bitset<_Size>& __x)
^
/Applications/Xcode.app/Contents/Developer/Platforms/MacOSX.platform/Developer/SDKs/MacOSX.sdk/usr/include/c++/v1/ostream:194:20: note: candidate function not viable: no known conversion from 'vector<std::string>' (aka 'vector<basic_string<char> >') to 'std::ostream &(*)(std::ostream &)' for 1st argument
    basic_ostream& operator<<(basic_ostream& (*__pf)(basic_ostream&))
                   ^
/Applications/Xcode.app/Contents/Developer/Platforms/MacOSX.platform/Developer/SDKs/MacOSX.sdk/usr/include/c++/v1/ostream:198:20: note: candidate function not viable: no known conversion from 'vector<std::string>' (aka 'vector<basic_string<char> >') to 'basic_ios<std::basic_ostream<char>::char_type> &(*)(basic_ios<std::basic_ostream<char>::char_type> &)' (aka 'basic_ios<char> &(*)(basic_ios<char> &)') for 1st argument
    basic_ostream& operator<<(basic_ios<char_type, traits_type>&
                   ^
/Applications/Xcode.app/Contents/Developer/Platforms/MacOSX.platform/Developer/SDKs/MacOSX.sdk/usr/include/c++/v1/ostream:203:20: note: candidate function not viable: no known conversion from 'vector<std::string>' (aka 'vector<basic_string<char> >') to 'std::ios_base &(*)(std::ios_base &)' for 1st argument
    basic_ostream& operator<<(ios_base& (*__pf)(ios_base&))
                   ^
/Applications/Xcode.app/Contents/Developer/Platforms/MacOSX.platform/Developer/SDKs/MacOSX.sdk/usr/include/c++/v1/ostream:206:20: note: candidate function not viable: no known conversion from 'vector<std::string>' (aka 'vector<basic_string<char> >') to 'bool' for 1st argument
    basic_ostream& operator<<(bool __n);
                   ^
/Applications/Xcode.app/Contents/Developer/Platforms/MacOSX.platform/Developer/SDKs/MacOSX.sdk/usr/include/c++/v1/ostream:207:20: note: candidate function not viable: no known conversion from 'vector<std::string>' (aka 'vector<basic_string<char> >') to 'short' for 1st argument
    basic_ostream& operator<<(short __n);
                   ^
/Applications/Xcode.app/Contents/Developer/Platforms/MacOSX.platform/Developer/SDKs/MacOSX.sdk/usr/include/c++/v1/ostream:208:20: note: candidate function not viable: no known conversion from 'vector<std::string>' (aka 'vector<basic_string<char> >') to 'unsigned short' for 1st argument
    basic_ostream& operator<<(unsigned short __n);
                   ^
/Applications/Xcode.app/Contents/Developer/Platforms/MacOSX.platform/Developer/SDKs/MacOSX.sdk/usr/include/c++/v1/ostream:209:20: note: candidate function not viable: no known conversion from 'vector<std::string>' (aka 'vector<basic_string<char> >') to 'int' for 1st argument
    basic_ostream& operator<<(int __n);
                   ^
/Applications/Xcode.app/Contents/Developer/Platforms/MacOSX.platform/Developer/SDKs/MacOSX.sdk/usr/include/c++/v1/ostream:210:20: note: candidate function not viable: no known conversion from 'vector<std::string>' (aka 'vector<basic_string<char> >') to 'unsigned int' for 1st argument
    basic_ostream& operator<<(unsigned int __n);
                   ^
/Applications/Xcode.app/Contents/Developer/Platforms/MacOSX.platform/Developer/SDKs/MacOSX.sdk/usr/include/c++/v1/ostream:211:20: note: candidate function not viable: no known conversion from 'vector<std::string>' (aka 'vector<basic_string<char> >') to 'long' for 1st argument
    basic_ostream& operator<<(long __n);
                   ^
/Applications/Xcode.app/Contents/Developer/Platforms/MacOSX.platform/Developer/SDKs/MacOSX.sdk/usr/include/c++/v1/ostream:212:20: note: candidate function not viable: no known conversion from 'vector<std::string>' (aka 'vector<basic_string<char> >') to 'unsigned long' for 1st argument
    basic_ostream& operator<<(unsigned long __n);
                   ^
/Applications/Xcode.app/Contents/Developer/Platforms/MacOSX.platform/Developer/SDKs/MacOSX.sdk/usr/include/c++/v1/ostream:213:20: note: candidate function not viable: no known conversion from 'vector<std::string>' (aka 'vector<basic_string<char> >') to 'long long' for 1st argument
    basic_ostream& operator<<(long long __n);
                   ^
/Applications/Xcode.app/Contents/Developer/Platforms/MacOSX.platform/Developer/SDKs/MacOSX.sdk/usr/include/c++/v1/ostream:214:20: note: candidate function not viable: no known conversion from 'vector<std::string>' (aka 'vector<basic_string<char> >') to 'unsigned long long' for 1st argument
    basic_ostream& operator<<(unsigned long long __n);
                   ^
/Applications/Xcode.app/Contents/Developer/Platforms/MacOSX.platform/Developer/SDKs/MacOSX.sdk/usr/include/c++/v1/ostream:215:20: note: candidate function not viable: no known conversion from 'vector<std::string>' (aka 'vector<basic_string<char> >') to 'float' for 1st argument
    basic_ostream& operator<<(float __f);
                   ^
/Applications/Xcode.app/Contents/Developer/Platforms/MacOSX.platform/Developer/SDKs/MacOSX.sdk/usr/include/c++/v1/ostream:216:20: note: candidate function not viable: no known conversion from 'vector<std::string>' (aka 'vector<basic_string<char> >') to 'double' for 1st argument
    basic_ostream& operator<<(double __f);
                   ^
/Applications/Xcode.app/Contents/Developer/Platforms/MacOSX.platform/Developer/SDKs/MacOSX.sdk/usr/include/c++/v1/ostream:217:20: note: candidate function not viable: no known conversion from 'vector<std::string>' (aka 'vector<basic_string<char> >') to 'long double' for 1st argument
    basic_ostream& operator<<(long double __f);
                   ^
/Applications/Xcode.app/Contents/Developer/Platforms/MacOSX.platform/Developer/SDKs/MacOSX.sdk/usr/include/c++/v1/ostream:218:20: note: candidate function not viable: no known conversion from 'vector<std::string>' (aka 'vector<basic_string<char> >') to 'const void *' for 1st argument; take the address of the argument with &
    basic_ostream& operator<<(const void* __p);
                   ^
/Applications/Xcode.app/Contents/Developer/Platforms/MacOSX.platform/Developer/SDKs/MacOSX.sdk/usr/include/c++/v1/ostream:219:20: note: candidate function not viable: no known conversion from 'vector<std::string>' (aka 'vector<basic_string<char> >') to 'basic_streambuf<std::basic_ostream<char>::char_type> *' (aka 'basic_streambuf<char> *') for 1st argument
    basic_ostream& operator<<(basic_streambuf<char_type, traits_type>* __sb);
                   ^
/Applications/Xcode.app/Contents/Developer/Platforms/MacOSX.platform/Developer/SDKs/MacOSX.sdk/usr/include/c++/v1/ostream:222:20: note: candidate function not viable: no known conversion from 'vector<std::string>' (aka 'vector<basic_string<char> >') to 'std::nullptr_t' for 1st argument
    basic_ostream& operator<<(nullptr_t)
                   ^
2 warnings and 3 errors generated.
make: *** [src/hello.o] Error 1
"make all" terminated with exit code 2. Build might be incomplete.
19:26:31 **** Incremental Build of configuration Debug for project hello ****
make all 
Building file: ../src/hello.cpp
Invoking: GCC C++ Compiler
g++ -O0 -g3 -Wall -c -fmessage-length=0 -MMD -MP -MF"src/hello.d" -MT"src/hello.o" -o "src/hello.o" "../src/hello.cpp"
../src/hello.cpp:8:7: warning: 'auto' type specifier is a C++11 extension [-Wc++11-extensions]
        for (auto word : source) {
             ^
../src/hello.cpp:8:17: warning: range-based for loop is a C++11 extension [-Wc++11-extensions]
        for (auto word : source) {
                       ^
../src/hello.cpp:15:17: error: non-aggregate type 'vector<std::string>' (aka 'vector<basic_string<char> >') cannot be initialized with an initializer list
        vector<string> source = {"a", "b", "c"};
                       ^        ~~~~~~~~~~~~~~~
../src/hello.cpp:16:17: error: non-aggregate type 'vector<std::string>' (aka 'vector<basic_string<char> >') cannot be initialized with an initializer list
        vector<string> destination = {"z"};
                       ^             ~~~~~
2 warnings and 2 errors generated.
make: *** [src/hello.o] Error 1
"make all" terminated with exit code 2. Build might be incomplete.
19:26:57 **** Incremental Build of configuration Debug for project hello ****
make all 
Building file: ../src/hello.cpp
Invoking: GCC C++ Compiler
g++ -O0 -g3 -Wall -c -fmessage-length=0 -MMD -MP -MF"src/hello.d" -MT"src/hello.o" -o "src/hello.o" "../src/hello.cpp"
../src/hello.cpp:8:7: warning: 'auto' type specifier is a C++11 extension [-Wc++11-extensions]
        for (auto word : source) {
             ^
../src/hello.cpp:8:17: warning: range-based for loop is a C++11 extension [-Wc++11-extensions]
        for (auto word : source) {
                       ^
../src/hello.cpp:15:17: error: non-aggregate type 'vector<std::string>' (aka 'vector<basic_string<char> >') cannot be initialized with an initializer list
        vector<string> source = {"a", "b", "c"};
                       ^        ~~~~~~~~~~~~~~~
../src/hello.cpp:16:17: error: non-aggregate type 'vector<std::string>' (aka 'vector<basic_string<char> >') cannot be initialized with an initializer list
        vector<string> destination = {"z"};
                       ^             ~~~~~
2 warnings and 2 errors generated.
make: *** [src/hello.o] Error 1
"make all" terminated with exit code 2. Build might be incomplete.
10:58:21 **** Incremental Build of configuration Debug for project hello ****
make all 
Building file: ../src/hello.cpp
Invoking: GCC C++ Compiler
g++ -O0 -g3 -Wall -c -fmessage-length=0 -MMD -MP -MF"src/hello.d" -MT"src/hello.o" -o "src/hello.o" "../src/hello.cpp"
../src/hello.cpp:25:20: warning: expression result unused [-Wunused-value]
        cout << Reversed((1, 5, 3, 4, 2));
                          ^
../src/hello.cpp:25:23: warning: expression result unused [-Wunused-value]
        cout << Reversed((1, 5, 3, 4, 2));
                             ^
../src/hello.cpp:25:26: warning: expression result unused [-Wunused-value]
        cout << Reversed((1, 5, 3, 4, 2));
                                ^
../src/hello.cpp:25:29: warning: expression result unused [-Wunused-value]
        cout << Reversed((1, 5, 3, 4, 2));
                                   ^
../src/hello.cpp:25:10: error: no matching function for call to 'Reversed'
        cout << Reversed((1, 5, 3, 4, 2));
                ^~~~~~~~
../src/hello.cpp:16:13: note: candidate function not viable: no known conversion from 'int' to 'const vector<int>' for 1st argument
vector<int> Reversed(const vector<int>& v) {
            ^
../src/hello.cpp:25:7: error: invalid operands to binary expression ('std::ostream' (aka 'basic_ostream<char>') and 'vector<int>')
        cout << Reversed((1, 5, 3, 4, 2));
        ~~~~ ^  ~~~~~~~~~~~~~~~~~~~~~~~~~
/Applications/Xcode.app/Contents/Developer/Platforms/MacOSX.platform/Developer/SDKs/MacOSX.sdk/usr/include/c++/v1/ostream:759:1: note: candidate function template not viable: no known conversion from 'vector<int>' to 'char' for 2nd argument
operator<<(basic_ostream<_CharT, _Traits>& __os, char __cn)
^
/Applications/Xcode.app/Contents/Developer/Platforms/MacOSX.platform/Developer/SDKs/MacOSX.sdk/usr/include/c++/v1/ostream:792:1: note: candidate function template not viable: no known conversion from 'vector<int>' to 'char' for 2nd argument
operator<<(basic_ostream<char, _Traits>& __os, char __c)
^
/Applications/Xcode.app/Contents/Developer/Platforms/MacOSX.platform/Developer/SDKs/MacOSX.sdk/usr/include/c++/v1/ostream:799:1: note: candidate function template not viable: no known conversion from 'vector<int>' to 'signed char' for 2nd argument
operator<<(basic_ostream<char, _Traits>& __os, signed char __c)
^
/Applications/Xcode.app/Contents/Developer/Platforms/MacOSX.platform/Developer/SDKs/MacOSX.sdk/usr/include/c++/v1/ostream:806:1: note: candidate function template not viable: no known conversion from 'vector<int>' to 'unsigned char' for 2nd argument
operator<<(basic_ostream<char, _Traits>& __os, unsigned char __c)
^
/Applications/Xcode.app/Contents/Developer/Platforms/MacOSX.platform/Developer/SDKs/MacOSX.sdk/usr/include/c++/v1/ostream:820:1: note: candidate function template not viable: no known conversion from 'vector<int>' to 'const char *' for 2nd argument
operator<<(basic_ostream<_CharT, _Traits>& __os, const char* __strn)
^
/Applications/Xcode.app/Contents/Developer/Platforms/MacOSX.platform/Developer/SDKs/MacOSX.sdk/usr/include/c++/v1/ostream:866:1: note: candidate function template not viable: no known conversion from 'vector<int>' to 'const char *' for 2nd argument
operator<<(basic_ostream<char, _Traits>& __os, const char* __str)
^
/Applications/Xcode.app/Contents/Developer/Platforms/MacOSX.platform/Developer/SDKs/MacOSX.sdk/usr/include/c++/v1/ostream:873:1: note: candidate function template not viable: no known conversion from 'vector<int>' to 'const signed char *' for 2nd argument
operator<<(basic_ostream<char, _Traits>& __os, const signed char* __str)
^
/Applications/Xcode.app/Contents/Developer/Platforms/MacOSX.platform/Developer/SDKs/MacOSX.sdk/usr/include/c++/v1/ostream:881:1: note: candidate function template not viable: no known conversion from 'vector<int>' to 'const unsigned char *' for 2nd argument
operator<<(basic_ostream<char, _Traits>& __os, const unsigned char* __str)
^
/Applications/Xcode.app/Contents/Developer/Platforms/MacOSX.platform/Developer/SDKs/MacOSX.sdk/usr/include/c++/v1/ostream:1070:1: note: candidate function template not viable: no known conversion from 'vector<int>' to 'const std::error_code' for 2nd argument
operator<<(basic_ostream<_CharT, _Traits>& __os, const error_code& __ec)
^
/Applications/Xcode.app/Contents/Developer/Platforms/MacOSX.platform/Developer/SDKs/MacOSX.sdk/usr/include/c++/v1/ostream:752:1: note: candidate template ignored: deduced conflicting types for parameter '_CharT' ('char' vs. 'std::vector<int>')
operator<<(basic_ostream<_CharT, _Traits>& __os, _CharT __c)
^
/Applications/Xcode.app/Contents/Developer/Platforms/MacOSX.platform/Developer/SDKs/MacOSX.sdk/usr/include/c++/v1/ostream:813:1: note: candidate template ignored: could not match 'const _CharT *' against 'vector<int>'
operator<<(basic_ostream<_CharT, _Traits>& __os, const _CharT* __str)
^
/Applications/Xcode.app/Contents/Developer/Platforms/MacOSX.platform/Developer/SDKs/MacOSX.sdk/usr/include/c++/v1/ostream:1053:1: note: candidate template ignored: could not match 'basic_string' against 'vector'
operator<<(basic_ostream<_CharT, _Traits>& __os,
^
/Applications/Xcode.app/Contents/Developer/Platforms/MacOSX.platform/Developer/SDKs/MacOSX.sdk/usr/include/c++/v1/ostream:1061:1: note: candidate template ignored: could not match 'basic_string_view' against 'vector'
operator<<(basic_ostream<_CharT, _Traits>& __os,
^
/Applications/Xcode.app/Contents/Developer/Platforms/MacOSX.platform/Developer/SDKs/MacOSX.sdk/usr/include/c++/v1/ostream:1078:1: note: candidate template ignored: could not match 'shared_ptr' against 'vector'
operator<<(basic_ostream<_CharT, _Traits>& __os, shared_ptr<_Yp> const& __p)
^
/Applications/Xcode.app/Contents/Developer/Platforms/MacOSX.platform/Developer/SDKs/MacOSX.sdk/usr/include/c++/v1/ostream:1090:1: note: candidate template ignored: could not match 'unique_ptr' against 'vector'
operator<<(basic_ostream<_CharT, _Traits>& __os, unique_ptr<_Yp, _Dp> const& __p)
^
/Applications/Xcode.app/Contents/Developer/Platforms/MacOSX.platform/Developer/SDKs/MacOSX.sdk/usr/include/c++/v1/ostream:1097:1: note: candidate template ignored: could not match 'bitset' against 'vector'
operator<<(basic_ostream<_CharT, _Traits>& __os, const bitset<_Size>& __x)
^
/Applications/Xcode.app/Contents/Developer/Platforms/MacOSX.platform/Developer/SDKs/MacOSX.sdk/usr/include/c++/v1/ostream:194:20: note: candidate function not viable: no known conversion from 'vector<int>' to 'std::ostream &(*)(std::ostream &)' for 1st argument
    basic_ostream& operator<<(basic_ostream& (*__pf)(basic_ostream&))
                   ^
/Applications/Xcode.app/Contents/Developer/Platforms/MacOSX.platform/Developer/SDKs/MacOSX.sdk/usr/include/c++/v1/ostream:198:20: note: candidate function not viable: no known conversion from 'vector<int>' to 'basic_ios<std::basic_ostream<char>::char_type> &(*)(basic_ios<std::basic_ostream<char>::char_type> &)' (aka 'basic_ios<char> &(*)(basic_ios<char> &)') for 1st argument
    basic_ostream& operator<<(basic_ios<char_type, traits_type>&
                   ^
/Applications/Xcode.app/Contents/Developer/Platforms/MacOSX.platform/Developer/SDKs/MacOSX.sdk/usr/include/c++/v1/ostream:203:20: note: candidate function not viable: no known conversion from 'vector<int>' to 'std::ios_base &(*)(std::ios_base &)' for 1st argument
    basic_ostream& operator<<(ios_base& (*__pf)(ios_base&))
                   ^
/Applications/Xcode.app/Contents/Developer/Platforms/MacOSX.platform/Developer/SDKs/MacOSX.sdk/usr/include/c++/v1/ostream:206:20: note: candidate function not viable: no known conversion from 'vector<int>' to 'bool' for 1st argument
    basic_ostream& operator<<(bool __n);
                   ^
/Applications/Xcode.app/Contents/Developer/Platforms/MacOSX.platform/Developer/SDKs/MacOSX.sdk/usr/include/c++/v1/ostream:207:20: note: candidate function not viable: no known conversion from 'vector<int>' to 'short' for 1st argument
    basic_ostream& operator<<(short __n);
                   ^
/Applications/Xcode.app/Contents/Developer/Platforms/MacOSX.platform/Developer/SDKs/MacOSX.sdk/usr/include/c++/v1/ostream:208:20: note: candidate function not viable: no known conversion from 'vector<int>' to 'unsigned short' for 1st argument
    basic_ostream& operator<<(unsigned short __n);
                   ^
/Applications/Xcode.app/Contents/Developer/Platforms/MacOSX.platform/Developer/SDKs/MacOSX.sdk/usr/include/c++/v1/ostream:209:20: note: candidate function not viable: no known conversion from 'vector<int>' to 'int' for 1st argument
    basic_ostream& operator<<(int __n);
                   ^
/Applications/Xcode.app/Contents/Developer/Platforms/MacOSX.platform/Developer/SDKs/MacOSX.sdk/usr/include/c++/v1/ostream:210:20: note: candidate function not viable: no known conversion from 'vector<int>' to 'unsigned int' for 1st argument
    basic_ostream& operator<<(unsigned int __n);
                   ^
/Applications/Xcode.app/Contents/Developer/Platforms/MacOSX.platform/Developer/SDKs/MacOSX.sdk/usr/include/c++/v1/ostream:211:20: note: candidate function not viable: no known conversion from 'vector<int>' to 'long' for 1st argument
    basic_ostream& operator<<(long __n);
                   ^
/Applications/Xcode.app/Contents/Developer/Platforms/MacOSX.platform/Developer/SDKs/MacOSX.sdk/usr/include/c++/v1/ostream:212:20: note: candidate function not viable: no known conversion from 'vector<int>' to 'unsigned long' for 1st argument
    basic_ostream& operator<<(unsigned long __n);
                   ^
/Applications/Xcode.app/Contents/Developer/Platforms/MacOSX.platform/Developer/SDKs/MacOSX.sdk/usr/include/c++/v1/ostream:213:20: note: candidate function not viable: no known conversion from 'vector<int>' to 'long long' for 1st argument
    basic_ostream& operator<<(long long __n);
                   ^
/Applications/Xcode.app/Contents/Developer/Platforms/MacOSX.platform/Developer/SDKs/MacOSX.sdk/usr/include/c++/v1/ostream:214:20: note: candidate function not viable: no known conversion from 'vector<int>' to 'unsigned long long' for 1st argument
    basic_ostream& operator<<(unsigned long long __n);
                   ^
/Applications/Xcode.app/Contents/Developer/Platforms/MacOSX.platform/Developer/SDKs/MacOSX.sdk/usr/include/c++/v1/ostream:215:20: note: candidate function not viable: no known conversion from 'vector<int>' to 'float' for 1st argument
    basic_ostream& operator<<(float __f);
                   ^
/Applications/Xcode.app/Contents/Developer/Platforms/MacOSX.platform/Developer/SDKs/MacOSX.sdk/usr/include/c++/v1/ostream:216:20: note: candidate function not viable: no known conversion from 'vector<int>' to 'double' for 1st argument
    basic_ostream& operator<<(double __f);
                   ^
/Applications/Xcode.app/Contents/Developer/Platforms/MacOSX.platform/Developer/SDKs/MacOSX.sdk/usr/include/c++/v1/ostream:217:20: note: candidate function not viable: no known conversion from 'vector<int>' to 'long double' for 1st argument
    basic_ostream& operator<<(long double __f);
                   ^
/Applications/Xcode.app/Contents/Developer/Platforms/MacOSX.platform/Developer/SDKs/MacOSX.sdk/usr/include/c++/v1/ostream:218:20: note: candidate function not viable: no known conversion from 'vector<int>' to 'const void *' for 1st argument
    basic_ostream& operator<<(const void* __p);
                   ^
/Applications/Xcode.app/Contents/Developer/Platforms/MacOSX.platform/Developer/SDKs/MacOSX.sdk/usr/include/c++/v1/ostream:219:20: note: candidate function not viable: no known conversion from 'vector<int>' to 'basic_streambuf<std::basic_ostream<char>::char_type> *' (aka 'basic_streambuf<char> *') for 1st argument
    basic_ostream& operator<<(basic_streambuf<char_type, traits_type>* __sb);
                   ^
/Applications/Xcode.app/Contents/Developer/Platforms/MacOSX.platform/Developer/SDKs/MacOSX.sdk/usr/include/c++/v1/ostream:222:20: note: candidate function not viable: no known conversion from 'vector<int>' to 'std::nullptr_t' for 1st argument
    basic_ostream& operator<<(nullptr_t)
                   ^
4 warnings and 2 errors generated.
make: *** [src/hello.o] Error 1
"make all" terminated with exit code 2. Build might be incomplete.
10:58:58 **** Incremental Build of configuration Debug for project hello ****
make all 
Building file: ../src/hello.cpp
Invoking: GCC C++ Compiler
g++ -O0 -g3 -Wall -c -fmessage-length=0 -MMD -MP -MF"src/hello.d" -MT"src/hello.o" -o "src/hello.o" "../src/hello.cpp"
../src/hello.cpp:25:20: warning: expression result unused [-Wunused-value]
        cout << Reversed((1, 5, 3, 4, 2))[1];
                          ^
../src/hello.cpp:25:23: warning: expression result unused [-Wunused-value]
        cout << Reversed((1, 5, 3, 4, 2))[1];
                             ^
../src/hello.cpp:25:26: warning: expression result unused [-Wunused-value]
        cout << Reversed((1, 5, 3, 4, 2))[1];
                                ^
../src/hello.cpp:25:29: warning: expression result unused [-Wunused-value]
        cout << Reversed((1, 5, 3, 4, 2))[1];
                                   ^
../src/hello.cpp:25:10: error: no matching function for call to 'Reversed'
        cout << Reversed((1, 5, 3, 4, 2))[1];
                ^~~~~~~~
../src/hello.cpp:16:13: note: candidate function not viable: no known conversion from 'int' to 'const vector<int>' for 1st argument
vector<int> Reversed(const vector<int>& v) {
            ^
4 warnings and 1 error generated.
make: *** [src/hello.o] Error 1
"make all" terminated with exit code 2. Build might be incomplete.
10:59:15 **** Incremental Build of configuration Debug for project hello ****
make all 
Building file: ../src/hello.cpp
Invoking: GCC C++ Compiler
g++ -O0 -g3 -Wall -c -fmessage-length=0 -MMD -MP -MF"src/hello.d" -MT"src/hello.o" -o "src/hello.o" "../src/hello.cpp"
../src/hello.cpp:26:12: warning: expression result unused [-Wunused-value]
        Reversed((1, 5, 3, 4, 2));
                  ^
../src/hello.cpp:26:15: warning: expression result unused [-Wunused-value]
        Reversed((1, 5, 3, 4, 2));
                     ^
../src/hello.cpp:26:18: warning: expression result unused [-Wunused-value]
        Reversed((1, 5, 3, 4, 2));
                        ^
../src/hello.cpp:26:21: warning: expression result unused [-Wunused-value]
        Reversed((1, 5, 3, 4, 2));
                           ^
../src/hello.cpp:26:2: error: no matching function for call to 'Reversed'
        Reversed((1, 5, 3, 4, 2));
        ^~~~~~~~
../src/hello.cpp:16:13: note: candidate function not viable: no known conversion from 'int' to 'const vector<int>' for 1st argument
vector<int> Reversed(const vector<int>& v) {
            ^
4 warnings and 1 error generated.
make: *** [src/hello.o] Error 1
"make all" terminated with exit code 2. Build might be incomplete.
10:59:33 **** Incremental Build of configuration Debug for project hello ****
make all 
Building file: ../src/hello.cpp
Invoking: GCC C++ Compiler
g++ -O0 -g3 -Wall -c -fmessage-length=0 -MMD -MP -MF"src/hello.d" -MT"src/hello.o" -o "src/hello.o" "../src/hello.cpp"
../src/hello.cpp:26:12: warning: expression result unused [-Wunused-value]
        Reversed((1, 5, 3, 4, 2));
                  ^
../src/hello.cpp:26:15: warning: expression result unused [-Wunused-value]
        Reversed((1, 5, 3, 4, 2));
                     ^
../src/hello.cpp:26:18: warning: expression result unused [-Wunused-value]
        Reversed((1, 5, 3, 4, 2));
                        ^
../src/hello.cpp:26:21: warning: expression result unused [-Wunused-value]
        Reversed((1, 5, 3, 4, 2));
                           ^
../src/hello.cpp:26:2: error: no matching function for call to 'Reversed'
        Reversed((1, 5, 3, 4, 2));
        ^~~~~~~~
../src/hello.cpp:16:13: note: candidate function not viable: no known conversion from 'int' to 'const vector<int>' for 1st argument
vector<int> Reversed(const vector<int>& v) {
            ^
4 warnings and 1 error generated.
make: *** [src/hello.o] Error 1
"make all" terminated with exit code 2. Build might be incomplete.
11:00:10 **** Incremental Build of configuration Debug for project hello ****
make all 
Building file: ../src/hello.cpp
Invoking: GCC C++ Compiler
g++ -O0 -g3 -Wall -c -fmessage-length=0 -MMD -MP -MF"src/hello.d" -MT"src/hello.o" -o "src/hello.o" "../src/hello.cpp"
../src/hello.cpp:26:18: warning: expression result unused [-Wunused-value]
        res = Reversed((1, 5, 3, 4, 2));
                        ^
../src/hello.cpp:26:21: warning: expression result unused [-Wunused-value]
        res = Reversed((1, 5, 3, 4, 2));
                           ^
../src/hello.cpp:26:24: warning: expression result unused [-Wunused-value]
        res = Reversed((1, 5, 3, 4, 2));
                              ^
../src/hello.cpp:26:27: warning: expression result unused [-Wunused-value]
        res = Reversed((1, 5, 3, 4, 2));
                                 ^
../src/hello.cpp:26:8: error: no matching function for call to 'Reversed'
        res = Reversed((1, 5, 3, 4, 2));
              ^~~~~~~~
../src/hello.cpp:16:13: note: candidate function not viable: no known conversion from 'int' to 'const vector<int>' for 1st argument
vector<int> Reversed(const vector<int>& v) {
            ^
4 warnings and 1 error generated.
make: *** [src/hello.o] Error 1
"make all" terminated with exit code 2. Build might be incomplete.
11:01:13 **** Incremental Build of configuration Debug for project hello ****
make all 
Building file: ../src/hello.cpp
Invoking: GCC C++ Compiler
g++ -O0 -g3 -Wall -c -fmessage-length=0 -MMD -MP -MF"src/hello.d" -MT"src/hello.o" -o "src/hello.o" "../src/hello.cpp"
Finished building: ../src/hello.cpp
 
Building target: hello
Invoking: MacOS X C++ Linker
g++  -o "hello"  ./src/hello.o   
Finished building target: hello
 
11:11:04 **** Incremental Build of configuration Debug for project hello ****
make all 
Building file: ../src/hello.cpp
Invoking: GCC C++ Compiler
g++ -O0 -g3 -Wall -c -fmessage-length=0 -MMD -MP -MF"src/hello.d" -MT"src/hello.o" -o "src/hello.o" "../src/hello.cpp"
../src/hello.cpp:19:14: error: non-aggregate type 'vector<int>' cannot be initialized with an initializer list
        vector<int> r = {1, 2, 3};
                    ^   ~~~~~~~~~
1 error generated.
make: *** [src/hello.o] Error 1
"make all" terminated with exit code 2. Build might be incomplete.
11:11:28 **** Incremental Build of configuration Debug for project hello ****
make all 
Building file: ../src/hello.cpp
Invoking: GCC C++ Compiler
g++ -O0 -g3 -Wall -c -fmessage-length=0 -MMD -MP -MF"src/hello.d" -MT"src/hello.o" -o "src/hello.o" "../src/hello.cpp"
../src/hello.cpp:19:14: error: non-aggregate type 'vector<int>' cannot be initialized with an initializer list
        vector<int> new_v = {1, 2, 3};
                    ^       ~~~~~~~~~
1 error generated.
make: *** [src/hello.o] Error 1
"make all" terminated with exit code 2. Build might be incomplete.
11:20:17 **** Incremental Build of configuration Debug for project hello ****
make all 
Building file: ../src/hello.cpp
Invoking: GCC C++ Compiler
g++ -O0 -g3 -Wall -c -fmessage-length=0 -MMD -MP -MF"src/hello.d" -MT"src/hello.o" -o "src/hello.o" "../src/hello.cpp"
../src/hello.cpp:19:22: error: expected ';' at end of declaration
        vector<int> new_v(3) = {1, 2, 3};
                            ^
                            ;
1 error generated.
make: *** [src/hello.o] Error 1
"make all" terminated with exit code 2. Build might be incomplete.
11:22:48 **** Incremental Build of configuration Debug for project hello ****
make all 
Building file: ../src/hello.cpp
Invoking: GCC C++ Compiler
g++ -O0 -g3 -Wall -c -fmessage-length=0 -MMD -MP -MF"src/hello.d" -MT"src/hello.o" -o "src/hello.o" "../src/hello.cpp"
../src/hello.cpp:19:15: error: expected ';' at end of declaration
        vector<int> n{1, 2, 3};
                     ^
                     ;
1 error generated.
make: *** [src/hello.o] Error 1
"make all" terminated with exit code 2. Build might be incomplete.
11:23:01 **** Incremental Build of configuration Debug for project hello ****
make all 
Building file: ../src/hello.cpp
Invoking: GCC C++ Compiler
g++ -O0 -g3 -Wall -c -fmessage-length=0 -MMD -MP -MF"src/hello.d" -MT"src/hello.o" -o "src/hello.o" "../src/hello.cpp"
../src/hello.cpp:19:14: error: no matching constructor for initialization of 'vector<int>'
        vector<int> n(1, 2, 3);
                    ^ ~~~~~~~
/Applications/Xcode.app/Contents/Developer/Platforms/MacOSX.platform/Developer/SDKs/MacOSX.sdk/usr/include/c++/v1/vector:530:9: note: candidate constructor template not viable: no known conversion from 'int' to 'const std::vector<int>::allocator_type' (aka 'const std::allocator<int>') for 3rd argument
        vector(_InputIterator __first, _InputIterator __last, const allocator_type& __a,
        ^
/Applications/Xcode.app/Contents/Developer/Platforms/MacOSX.platform/Developer/SDKs/MacOSX.sdk/usr/include/c++/v1/vector:544:9: note: candidate constructor template not viable: no known conversion from 'int' to 'const std::vector<int>::allocator_type' (aka 'const std::allocator<int>') for 3rd argument
        vector(_ForwardIterator __first, _ForwardIterator __last, const allocator_type& __a,
        ^
/Applications/Xcode.app/Contents/Developer/Platforms/MacOSX.platform/Developer/SDKs/MacOSX.sdk/usr/include/c++/v1/vector:520:5: note: candidate constructor not viable: no known conversion from 'int' to 'const std::vector<int>::allocator_type' (aka 'const std::allocator<int>') for 3rd argument
    vector(size_type __n, const value_type& __x, const allocator_type& __a);
    ^
/Applications/Xcode.app/Contents/Developer/Platforms/MacOSX.platform/Developer/SDKs/MacOSX.sdk/usr/include/c++/v1/vector:519:5: note: candidate constructor not viable: requires 2 arguments, but 3 were provided
    vector(size_type __n, const value_type& __x);
    ^
/Applications/Xcode.app/Contents/Developer/Platforms/MacOSX.platform/Developer/SDKs/MacOSX.sdk/usr/include/c++/v1/vector:522:9: note: candidate constructor template not viable: requires 2 arguments, but 3 were provided
        vector(_InputIterator __first,
        ^
/Applications/Xcode.app/Contents/Developer/Platforms/MacOSX.platform/Developer/SDKs/MacOSX.sdk/usr/include/c++/v1/vector:537:9: note: candidate constructor template not viable: requires 2 arguments, but 3 were provided
        vector(_ForwardIterator __first,
        ^
/Applications/Xcode.app/Contents/Developer/Platforms/MacOSX.platform/Developer/SDKs/MacOSX.sdk/usr/include/c++/v1/vector:560:5: note: candidate constructor not viable: requires 2 arguments, but 3 were provided
    vector(const vector& __x, const allocator_type& __a);
    ^
/Applications/Xcode.app/Contents/Developer/Platforms/MacOSX.platform/Developer/SDKs/MacOSX.sdk/usr/include/c++/v1/vector:503:40: note: candidate constructor not viable: requires single argument '__a', but 3 arguments were provided
    _LIBCPP_INLINE_VISIBILITY explicit vector(const allocator_type& __a)
                                       ^
/Applications/Xcode.app/Contents/Developer/Platforms/MacOSX.platform/Developer/SDKs/MacOSX.sdk/usr/include/c++/v1/vector:515:14: note: candidate constructor not viable: requires single argument '__n', but 3 arguments were provided
    explicit vector(size_type __n);
             ^
/Applications/Xcode.app/Contents/Developer/Platforms/MacOSX.platform/Developer/SDKs/MacOSX.sdk/usr/include/c++/v1/vector:559:5: note: candidate constructor not viable: requires single argument '__x', but 3 arguments were provided
    vector(const vector& __x);
    ^
/Applications/Xcode.app/Contents/Developer/Platforms/MacOSX.platform/Developer/SDKs/MacOSX.sdk/usr/include/c++/v1/vector:497:5: note: candidate constructor not viable: requires 0 arguments, but 3 were provided
    vector() _NOEXCEPT_(is_nothrow_default_constructible<allocator_type>::value)
    ^
1 error generated.
make: *** [src/hello.o] Error 1
"make all" terminated with exit code 2. Build might be incomplete.
11:23:26 **** Incremental Build of configuration Debug for project hello ****
make all 
Building file: ../src/hello.cpp
Invoking: GCC C++ Compiler
g++ -O0 -g3 -Wall -c -fmessage-length=0 -MMD -MP -MF"src/hello.d" -MT"src/hello.o" -o "src/hello.o" "../src/hello.cpp"
Finished building: ../src/hello.cpp
 
Building target: hello
Invoking: MacOS X C++ Linker
g++  -o "hello"  ./src/hello.o   
Finished building target: hello
 
11:24:08 **** Incremental Build of configuration Debug for project hello ****
make all 
Building file: ../src/hello.cpp
Invoking: GCC C++ Compiler
g++ -O0 -g3 -Wall -c -fmessage-length=0 -MMD -MP -MF"src/hello.d" -MT"src/hello.o" -o "src/hello.o" "../src/hello.cpp"
../src/hello.cpp:20:6: error: expected expression
        n = {1,2,3};
            ^
../src/hello.cpp:21:7: error: invalid operands to binary expression ('std::ostream' (aka 'basic_ostream<char>') and 'vector<int>')
        cout << Reversed(n);
        ~~~~ ^  ~~~~~~~~~~~
/Applications/Xcode.app/Contents/Developer/Platforms/MacOSX.platform/Developer/SDKs/MacOSX.sdk/usr/include/c++/v1/ostream:759:1: note: candidate function template not viable: no known conversion from 'vector<int>' to 'char' for 2nd argument
operator<<(basic_ostream<_CharT, _Traits>& __os, char __cn)
^
/Applications/Xcode.app/Contents/Developer/Platforms/MacOSX.platform/Developer/SDKs/MacOSX.sdk/usr/include/c++/v1/ostream:792:1: note: candidate function template not viable: no known conversion from 'vector<int>' to 'char' for 2nd argument
operator<<(basic_ostream<char, _Traits>& __os, char __c)
^
/Applications/Xcode.app/Contents/Developer/Platforms/MacOSX.platform/Developer/SDKs/MacOSX.sdk/usr/include/c++/v1/ostream:799:1: note: candidate function template not viable: no known conversion from 'vector<int>' to 'signed char' for 2nd argument
operator<<(basic_ostream<char, _Traits>& __os, signed char __c)
^
/Applications/Xcode.app/Contents/Developer/Platforms/MacOSX.platform/Developer/SDKs/MacOSX.sdk/usr/include/c++/v1/ostream:806:1: note: candidate function template not viable: no known conversion from 'vector<int>' to 'unsigned char' for 2nd argument
operator<<(basic_ostream<char, _Traits>& __os, unsigned char __c)
^
/Applications/Xcode.app/Contents/Developer/Platforms/MacOSX.platform/Developer/SDKs/MacOSX.sdk/usr/include/c++/v1/ostream:820:1: note: candidate function template not viable: no known conversion from 'vector<int>' to 'const char *' for 2nd argument
operator<<(basic_ostream<_CharT, _Traits>& __os, const char* __strn)
^
/Applications/Xcode.app/Contents/Developer/Platforms/MacOSX.platform/Developer/SDKs/MacOSX.sdk/usr/include/c++/v1/ostream:866:1: note: candidate function template not viable: no known conversion from 'vector<int>' to 'const char *' for 2nd argument
operator<<(basic_ostream<char, _Traits>& __os, const char* __str)
^
/Applications/Xcode.app/Contents/Developer/Platforms/MacOSX.platform/Developer/SDKs/MacOSX.sdk/usr/include/c++/v1/ostream:873:1: note: candidate function template not viable: no known conversion from 'vector<int>' to 'const signed char *' for 2nd argument
operator<<(basic_ostream<char, _Traits>& __os, const signed char* __str)
^
/Applications/Xcode.app/Contents/Developer/Platforms/MacOSX.platform/Developer/SDKs/MacOSX.sdk/usr/include/c++/v1/ostream:881:1: note: candidate function template not viable: no known conversion from 'vector<int>' to 'const unsigned char *' for 2nd argument
operator<<(basic_ostream<char, _Traits>& __os, const unsigned char* __str)
^
/Applications/Xcode.app/Contents/Developer/Platforms/MacOSX.platform/Developer/SDKs/MacOSX.sdk/usr/include/c++/v1/ostream:1070:1: note: candidate function template not viable: no known conversion from 'vector<int>' to 'const std::error_code' for 2nd argument
operator<<(basic_ostream<_CharT, _Traits>& __os, const error_code& __ec)
^
/Applications/Xcode.app/Contents/Developer/Platforms/MacOSX.platform/Developer/SDKs/MacOSX.sdk/usr/include/c++/v1/ostream:752:1: note: candidate template ignored: deduced conflicting types for parameter '_CharT' ('char' vs. 'std::vector<int>')
operator<<(basic_ostream<_CharT, _Traits>& __os, _CharT __c)
^
/Applications/Xcode.app/Contents/Developer/Platforms/MacOSX.platform/Developer/SDKs/MacOSX.sdk/usr/include/c++/v1/ostream:813:1: note: candidate template ignored: could not match 'const _CharT *' against 'vector<int>'
operator<<(basic_ostream<_CharT, _Traits>& __os, const _CharT* __str)
^
/Applications/Xcode.app/Contents/Developer/Platforms/MacOSX.platform/Developer/SDKs/MacOSX.sdk/usr/include/c++/v1/ostream:1053:1: note: candidate template ignored: could not match 'basic_string' against 'vector'
operator<<(basic_ostream<_CharT, _Traits>& __os,
^
/Applications/Xcode.app/Contents/Developer/Platforms/MacOSX.platform/Developer/SDKs/MacOSX.sdk/usr/include/c++/v1/ostream:1061:1: note: candidate template ignored: could not match 'basic_string_view' against 'vector'
operator<<(basic_ostream<_CharT, _Traits>& __os,
^
/Applications/Xcode.app/Contents/Developer/Platforms/MacOSX.platform/Developer/SDKs/MacOSX.sdk/usr/include/c++/v1/ostream:1078:1: note: candidate template ignored: could not match 'shared_ptr' against 'vector'
operator<<(basic_ostream<_CharT, _Traits>& __os, shared_ptr<_Yp> const& __p)
^
/Applications/Xcode.app/Contents/Developer/Platforms/MacOSX.platform/Developer/SDKs/MacOSX.sdk/usr/include/c++/v1/ostream:1090:1: note: candidate template ignored: could not match 'unique_ptr' against 'vector'
operator<<(basic_ostream<_CharT, _Traits>& __os, unique_ptr<_Yp, _Dp> const& __p)
^
/Applications/Xcode.app/Contents/Developer/Platforms/MacOSX.platform/Developer/SDKs/MacOSX.sdk/usr/include/c++/v1/ostream:1097:1: note: candidate template ignored: could not match 'bitset' against 'vector'
operator<<(basic_ostream<_CharT, _Traits>& __os, const bitset<_Size>& __x)
^
/Applications/Xcode.app/Contents/Developer/Platforms/MacOSX.platform/Developer/SDKs/MacOSX.sdk/usr/include/c++/v1/ostream:194:20: note: candidate function not viable: no known conversion from 'vector<int>' to 'std::ostream &(*)(std::ostream &)' for 1st argument
    basic_ostream& operator<<(basic_ostream& (*__pf)(basic_ostream&))
                   ^
/Applications/Xcode.app/Contents/Developer/Platforms/MacOSX.platform/Developer/SDKs/MacOSX.sdk/usr/include/c++/v1/ostream:198:20: note: candidate function not viable: no known conversion from 'vector<int>' to 'basic_ios<std::basic_ostream<char>::char_type> &(*)(basic_ios<std::basic_ostream<char>::char_type> &)' (aka 'basic_ios<char> &(*)(basic_ios<char> &)') for 1st argument
    basic_ostream& operator<<(basic_ios<char_type, traits_type>&
                   ^
/Applications/Xcode.app/Contents/Developer/Platforms/MacOSX.platform/Developer/SDKs/MacOSX.sdk/usr/include/c++/v1/ostream:203:20: note: candidate function not viable: no known conversion from 'vector<int>' to 'std::ios_base &(*)(std::ios_base &)' for 1st argument
    basic_ostream& operator<<(ios_base& (*__pf)(ios_base&))
                   ^
/Applications/Xcode.app/Contents/Developer/Platforms/MacOSX.platform/Developer/SDKs/MacOSX.sdk/usr/include/c++/v1/ostream:206:20: note: candidate function not viable: no known conversion from 'vector<int>' to 'bool' for 1st argument
    basic_ostream& operator<<(bool __n);
                   ^
/Applications/Xcode.app/Contents/Developer/Platforms/MacOSX.platform/Developer/SDKs/MacOSX.sdk/usr/include/c++/v1/ostream:207:20: note: candidate function not viable: no known conversion from 'vector<int>' to 'short' for 1st argument
    basic_ostream& operator<<(short __n);
                   ^
/Applications/Xcode.app/Contents/Developer/Platforms/MacOSX.platform/Developer/SDKs/MacOSX.sdk/usr/include/c++/v1/ostream:208:20: note: candidate function not viable: no known conversion from 'vector<int>' to 'unsigned short' for 1st argument
    basic_ostream& operator<<(unsigned short __n);
                   ^
/Applications/Xcode.app/Contents/Developer/Platforms/MacOSX.platform/Developer/SDKs/MacOSX.sdk/usr/include/c++/v1/ostream:209:20: note: candidate function not viable: no known conversion from 'vector<int>' to 'int' for 1st argument
    basic_ostream& operator<<(int __n);
                   ^
/Applications/Xcode.app/Contents/Developer/Platforms/MacOSX.platform/Developer/SDKs/MacOSX.sdk/usr/include/c++/v1/ostream:210:20: note: candidate function not viable: no known conversion from 'vector<int>' to 'unsigned int' for 1st argument
    basic_ostream& operator<<(unsigned int __n);
                   ^
/Applications/Xcode.app/Contents/Developer/Platforms/MacOSX.platform/Developer/SDKs/MacOSX.sdk/usr/include/c++/v1/ostream:211:20: note: candidate function not viable: no known conversion from 'vector<int>' to 'long' for 1st argument
    basic_ostream& operator<<(long __n);
                   ^
/Applications/Xcode.app/Contents/Developer/Platforms/MacOSX.platform/Developer/SDKs/MacOSX.sdk/usr/include/c++/v1/ostream:212:20: note: candidate function not viable: no known conversion from 'vector<int>' to 'unsigned long' for 1st argument
    basic_ostream& operator<<(unsigned long __n);
                   ^
/Applications/Xcode.app/Contents/Developer/Platforms/MacOSX.platform/Developer/SDKs/MacOSX.sdk/usr/include/c++/v1/ostream:213:20: note: candidate function not viable: no known conversion from 'vector<int>' to 'long long' for 1st argument
    basic_ostream& operator<<(long long __n);
                   ^
/Applications/Xcode.app/Contents/Developer/Platforms/MacOSX.platform/Developer/SDKs/MacOSX.sdk/usr/include/c++/v1/ostream:214:20: note: candidate function not viable: no known conversion from 'vector<int>' to 'unsigned long long' for 1st argument
    basic_ostream& operator<<(unsigned long long __n);
                   ^
/Applications/Xcode.app/Contents/Developer/Platforms/MacOSX.platform/Developer/SDKs/MacOSX.sdk/usr/include/c++/v1/ostream:215:20: note: candidate function not viable: no known conversion from 'vector<int>' to 'float' for 1st argument
    basic_ostream& operator<<(float __f);
                   ^
/Applications/Xcode.app/Contents/Developer/Platforms/MacOSX.platform/Developer/SDKs/MacOSX.sdk/usr/include/c++/v1/ostream:216:20: note: candidate function not viable: no known conversion from 'vector<int>' to 'double' for 1st argument
    basic_ostream& operator<<(double __f);
                   ^
/Applications/Xcode.app/Contents/Developer/Platforms/MacOSX.platform/Developer/SDKs/MacOSX.sdk/usr/include/c++/v1/ostream:217:20: note: candidate function not viable: no known conversion from 'vector<int>' to 'long double' for 1st argument
    basic_ostream& operator<<(long double __f);
                   ^
/Applications/Xcode.app/Contents/Developer/Platforms/MacOSX.platform/Developer/SDKs/MacOSX.sdk/usr/include/c++/v1/ostream:218:20: note: candidate function not viable: no known conversion from 'vector<int>' to 'const void *' for 1st argument
    basic_ostream& operator<<(const void* __p);
                   ^
/Applications/Xcode.app/Contents/Developer/Platforms/MacOSX.platform/Developer/SDKs/MacOSX.sdk/usr/include/c++/v1/ostream:219:20: note: candidate function not viable: no known conversion from 'vector<int>' to 'basic_streambuf<std::basic_ostream<char>::char_type> *' (aka 'basic_streambuf<char> *') for 1st argument
    basic_ostream& operator<<(basic_streambuf<char_type, traits_type>* __sb);
                   ^
/Applications/Xcode.app/Contents/Developer/Platforms/MacOSX.platform/Developer/SDKs/MacOSX.sdk/usr/include/c++/v1/ostream:222:20: note: candidate function not viable: no known conversion from 'vector<int>' to 'std::nullptr_t' for 1st argument
    basic_ostream& operator<<(nullptr_t)
                   ^
2 errors generated.
make: *** [src/hello.o] Error 1
"make all" terminated with exit code 2. Build might be incomplete.
11:28:44 **** Incremental Build of configuration Debug for project hello ****
make all 
Building file: ../src/hello.cpp
Invoking: GCC C++ Compiler
g++ -O0 -g3 -Wall -c -fmessage-length=0 -MMD -MP -MF"src/hello.d" -MT"src/hello.o" -o "src/hello.o" "../src/hello.cpp"
../src/hello.cpp:19:19: error: non-aggregate type 'std::vector<int>' cannot be initialized with an initializer list
        std::vector<int> array2 = { 10, 8, 6, 4, 2, 1 };
                         ^        ~~~~~~~~~~~~~~~~~~~~~
../src/hello.cpp:20:7: error: invalid operands to binary expression ('std::ostream' (aka 'basic_ostream<char>') and 'vector<int>')
        cout << Reversed(array2);
        ~~~~ ^  ~~~~~~~~~~~~~~~~
/Applications/Xcode.app/Contents/Developer/Platforms/MacOSX.platform/Developer/SDKs/MacOSX.sdk/usr/include/c++/v1/ostream:759:1: note: candidate function template not viable: no known conversion from 'vector<int>' to 'char' for 2nd argument
operator<<(basic_ostream<_CharT, _Traits>& __os, char __cn)
^
/Applications/Xcode.app/Contents/Developer/Platforms/MacOSX.platform/Developer/SDKs/MacOSX.sdk/usr/include/c++/v1/ostream:792:1: note: candidate function template not viable: no known conversion from 'vector<int>' to 'char' for 2nd argument
operator<<(basic_ostream<char, _Traits>& __os, char __c)
^
/Applications/Xcode.app/Contents/Developer/Platforms/MacOSX.platform/Developer/SDKs/MacOSX.sdk/usr/include/c++/v1/ostream:799:1: note: candidate function template not viable: no known conversion from 'vector<int>' to 'signed char' for 2nd argument
operator<<(basic_ostream<char, _Traits>& __os, signed char __c)
^
/Applications/Xcode.app/Contents/Developer/Platforms/MacOSX.platform/Developer/SDKs/MacOSX.sdk/usr/include/c++/v1/ostream:806:1: note: candidate function template not viable: no known conversion from 'vector<int>' to 'unsigned char' for 2nd argument
operator<<(basic_ostream<char, _Traits>& __os, unsigned char __c)
^
/Applications/Xcode.app/Contents/Developer/Platforms/MacOSX.platform/Developer/SDKs/MacOSX.sdk/usr/include/c++/v1/ostream:820:1: note: candidate function template not viable: no known conversion from 'vector<int>' to 'const char *' for 2nd argument
operator<<(basic_ostream<_CharT, _Traits>& __os, const char* __strn)
^
/Applications/Xcode.app/Contents/Developer/Platforms/MacOSX.platform/Developer/SDKs/MacOSX.sdk/usr/include/c++/v1/ostream:866:1: note: candidate function template not viable: no known conversion from 'vector<int>' to 'const char *' for 2nd argument
operator<<(basic_ostream<char, _Traits>& __os, const char* __str)
^
/Applications/Xcode.app/Contents/Developer/Platforms/MacOSX.platform/Developer/SDKs/MacOSX.sdk/usr/include/c++/v1/ostream:873:1: note: candidate function template not viable: no known conversion from 'vector<int>' to 'const signed char *' for 2nd argument
operator<<(basic_ostream<char, _Traits>& __os, const signed char* __str)
^
/Applications/Xcode.app/Contents/Developer/Platforms/MacOSX.platform/Developer/SDKs/MacOSX.sdk/usr/include/c++/v1/ostream:881:1: note: candidate function template not viable: no known conversion from 'vector<int>' to 'const unsigned char *' for 2nd argument
operator<<(basic_ostream<char, _Traits>& __os, const unsigned char* __str)
^
/Applications/Xcode.app/Contents/Developer/Platforms/MacOSX.platform/Developer/SDKs/MacOSX.sdk/usr/include/c++/v1/ostream:1070:1: note: candidate function template not viable: no known conversion from 'vector<int>' to 'const std::error_code' for 2nd argument
operator<<(basic_ostream<_CharT, _Traits>& __os, const error_code& __ec)
^
/Applications/Xcode.app/Contents/Developer/Platforms/MacOSX.platform/Developer/SDKs/MacOSX.sdk/usr/include/c++/v1/ostream:752:1: note: candidate template ignored: deduced conflicting types for parameter '_CharT' ('char' vs. 'std::vector<int>')
operator<<(basic_ostream<_CharT, _Traits>& __os, _CharT __c)
^
/Applications/Xcode.app/Contents/Developer/Platforms/MacOSX.platform/Developer/SDKs/MacOSX.sdk/usr/include/c++/v1/ostream:813:1: note: candidate template ignored: could not match 'const _CharT *' against 'vector<int>'
operator<<(basic_ostream<_CharT, _Traits>& __os, const _CharT* __str)
^
/Applications/Xcode.app/Contents/Developer/Platforms/MacOSX.platform/Developer/SDKs/MacOSX.sdk/usr/include/c++/v1/ostream:1053:1: note: candidate template ignored: could not match 'basic_string' against 'vector'
operator<<(basic_ostream<_CharT, _Traits>& __os,
^
/Applications/Xcode.app/Contents/Developer/Platforms/MacOSX.platform/Developer/SDKs/MacOSX.sdk/usr/include/c++/v1/ostream:1061:1: note: candidate template ignored: could not match 'basic_string_view' against 'vector'
operator<<(basic_ostream<_CharT, _Traits>& __os,
^
/Applications/Xcode.app/Contents/Developer/Platforms/MacOSX.platform/Developer/SDKs/MacOSX.sdk/usr/include/c++/v1/ostream:1078:1: note: candidate template ignored: could not match 'shared_ptr' against 'vector'
operator<<(basic_ostream<_CharT, _Traits>& __os, shared_ptr<_Yp> const& __p)
^
/Applications/Xcode.app/Contents/Developer/Platforms/MacOSX.platform/Developer/SDKs/MacOSX.sdk/usr/include/c++/v1/ostream:1090:1: note: candidate template ignored: could not match 'unique_ptr' against 'vector'
operator<<(basic_ostream<_CharT, _Traits>& __os, unique_ptr<_Yp, _Dp> const& __p)
^
/Applications/Xcode.app/Contents/Developer/Platforms/MacOSX.platform/Developer/SDKs/MacOSX.sdk/usr/include/c++/v1/ostream:1097:1: note: candidate template ignored: could not match 'bitset' against 'vector'
operator<<(basic_ostream<_CharT, _Traits>& __os, const bitset<_Size>& __x)
^
/Applications/Xcode.app/Contents/Developer/Platforms/MacOSX.platform/Developer/SDKs/MacOSX.sdk/usr/include/c++/v1/ostream:194:20: note: candidate function not viable: no known conversion from 'vector<int>' to 'std::ostream &(*)(std::ostream &)' for 1st argument
    basic_ostream& operator<<(basic_ostream& (*__pf)(basic_ostream&))
                   ^
/Applications/Xcode.app/Contents/Developer/Platforms/MacOSX.platform/Developer/SDKs/MacOSX.sdk/usr/include/c++/v1/ostream:198:20: note: candidate function not viable: no known conversion from 'vector<int>' to 'basic_ios<std::basic_ostream<char>::char_type> &(*)(basic_ios<std::basic_ostream<char>::char_type> &)' (aka 'basic_ios<char> &(*)(basic_ios<char> &)') for 1st argument
    basic_ostream& operator<<(basic_ios<char_type, traits_type>&
                   ^
/Applications/Xcode.app/Contents/Developer/Platforms/MacOSX.platform/Developer/SDKs/MacOSX.sdk/usr/include/c++/v1/ostream:203:20: note: candidate function not viable: no known conversion from 'vector<int>' to 'std::ios_base &(*)(std::ios_base &)' for 1st argument
    basic_ostream& operator<<(ios_base& (*__pf)(ios_base&))
                   ^
/Applications/Xcode.app/Contents/Developer/Platforms/MacOSX.platform/Developer/SDKs/MacOSX.sdk/usr/include/c++/v1/ostream:206:20: note: candidate function not viable: no known conversion from 'vector<int>' to 'bool' for 1st argument
    basic_ostream& operator<<(bool __n);
                   ^
/Applications/Xcode.app/Contents/Developer/Platforms/MacOSX.platform/Developer/SDKs/MacOSX.sdk/usr/include/c++/v1/ostream:207:20: note: candidate function not viable: no known conversion from 'vector<int>' to 'short' for 1st argument
    basic_ostream& operator<<(short __n);
                   ^
/Applications/Xcode.app/Contents/Developer/Platforms/MacOSX.platform/Developer/SDKs/MacOSX.sdk/usr/include/c++/v1/ostream:208:20: note: candidate function not viable: no known conversion from 'vector<int>' to 'unsigned short' for 1st argument
    basic_ostream& operator<<(unsigned short __n);
                   ^
/Applications/Xcode.app/Contents/Developer/Platforms/MacOSX.platform/Developer/SDKs/MacOSX.sdk/usr/include/c++/v1/ostream:209:20: note: candidate function not viable: no known conversion from 'vector<int>' to 'int' for 1st argument
    basic_ostream& operator<<(int __n);
                   ^
/Applications/Xcode.app/Contents/Developer/Platforms/MacOSX.platform/Developer/SDKs/MacOSX.sdk/usr/include/c++/v1/ostream:210:20: note: candidate function not viable: no known conversion from 'vector<int>' to 'unsigned int' for 1st argument
    basic_ostream& operator<<(unsigned int __n);
                   ^
/Applications/Xcode.app/Contents/Developer/Platforms/MacOSX.platform/Developer/SDKs/MacOSX.sdk/usr/include/c++/v1/ostream:211:20: note: candidate function not viable: no known conversion from 'vector<int>' to 'long' for 1st argument
    basic_ostream& operator<<(long __n);
                   ^
/Applications/Xcode.app/Contents/Developer/Platforms/MacOSX.platform/Developer/SDKs/MacOSX.sdk/usr/include/c++/v1/ostream:212:20: note: candidate function not viable: no known conversion from 'vector<int>' to 'unsigned long' for 1st argument
    basic_ostream& operator<<(unsigned long __n);
                   ^
/Applications/Xcode.app/Contents/Developer/Platforms/MacOSX.platform/Developer/SDKs/MacOSX.sdk/usr/include/c++/v1/ostream:213:20: note: candidate function not viable: no known conversion from 'vector<int>' to 'long long' for 1st argument
    basic_ostream& operator<<(long long __n);
                   ^
/Applications/Xcode.app/Contents/Developer/Platforms/MacOSX.platform/Developer/SDKs/MacOSX.sdk/usr/include/c++/v1/ostream:214:20: note: candidate function not viable: no known conversion from 'vector<int>' to 'unsigned long long' for 1st argument
    basic_ostream& operator<<(unsigned long long __n);
                   ^
/Applications/Xcode.app/Contents/Developer/Platforms/MacOSX.platform/Developer/SDKs/MacOSX.sdk/usr/include/c++/v1/ostream:215:20: note: candidate function not viable: no known conversion from 'vector<int>' to 'float' for 1st argument
    basic_ostream& operator<<(float __f);
                   ^
/Applications/Xcode.app/Contents/Developer/Platforms/MacOSX.platform/Developer/SDKs/MacOSX.sdk/usr/include/c++/v1/ostream:216:20: note: candidate function not viable: no known conversion from 'vector<int>' to 'double' for 1st argument
    basic_ostream& operator<<(double __f);
                   ^
/Applications/Xcode.app/Contents/Developer/Platforms/MacOSX.platform/Developer/SDKs/MacOSX.sdk/usr/include/c++/v1/ostream:217:20: note: candidate function not viable: no known conversion from 'vector<int>' to 'long double' for 1st argument
    basic_ostream& operator<<(long double __f);
                   ^
/Applications/Xcode.app/Contents/Developer/Platforms/MacOSX.platform/Developer/SDKs/MacOSX.sdk/usr/include/c++/v1/ostream:218:20: note: candidate function not viable: no known conversion from 'vector<int>' to 'const void *' for 1st argument
    basic_ostream& operator<<(const void* __p);
                   ^
/Applications/Xcode.app/Contents/Developer/Platforms/MacOSX.platform/Developer/SDKs/MacOSX.sdk/usr/include/c++/v1/ostream:219:20: note: candidate function not viable: no known conversion from 'vector<int>' to 'basic_streambuf<std::basic_ostream<char>::char_type> *' (aka 'basic_streambuf<char> *') for 1st argument
    basic_ostream& operator<<(basic_streambuf<char_type, traits_type>* __sb);
                   ^
/Applications/Xcode.app/Contents/Developer/Platforms/MacOSX.platform/Developer/SDKs/MacOSX.sdk/usr/include/c++/v1/ostream:222:20: note: candidate function not viable: no known conversion from 'vector<int>' to 'std::nullptr_t' for 1st argument
    basic_ostream& operator<<(nullptr_t)
                   ^
2 errors generated.
make: *** [src/hello.o] Error 1
"make all" terminated with exit code 2. Build might be incomplete.
11:29:23 **** Incremental Build of configuration Debug for project hello ****
make all 
Building file: ../src/hello.cpp
Invoking: GCC C++ Compiler
g++ -O0 -g3 -Wall -c -fmessage-length=0 -MMD -MP -MF"src/hello.d" -MT"src/hello.o" -o "src/hello.o" "../src/hello.cpp"
../src/hello.cpp:19:19: error: non-aggregate type 'std::vector<int>' cannot be initialized with an initializer list
        std::vector<int> array2 = { 10, 8, 6, 4, 2, 1 };
                         ^        ~~~~~~~~~~~~~~~~~~~~~
1 error generated.
make: *** [src/hello.o] Error 1
"make all" terminated with exit code 2. Build might be incomplete.
11:29:46 **** Incremental Build of configuration Debug for project hello ****
make all 
Building file: ../src/hello.cpp
Invoking: GCC C++ Compiler
g++ -O0 -g3 -Wall -c -fmessage-length=0 -MMD -MP -MF"src/hello.d" -MT"src/hello.o" -o "src/hello.o" "../src/hello.cpp"
../src/hello.cpp:19:14: error: non-aggregate type 'vector<int>' cannot be initialized with an initializer list
        vector<int> array2 = { 10, 8, 6, 4, 2, 1 };
                    ^        ~~~~~~~~~~~~~~~~~~~~~
1 error generated.
make: *** [src/hello.o] Error 1
"make all" terminated with exit code 2. Build might be incomplete.
11:30:58 **** Incremental Build of configuration Debug for project hello ****
make all 
Building file: ../src/hello.cpp
Invoking: GCC C++ Compiler
g++ -O0 -g3 -Wall -c -fmessage-length=0 -MMD -MP -MF"src/hello.d" -MT"src/hello.o" -o "src/hello.o" "../src/hello.cpp"
../src/hello.cpp:19:14: error: non-aggregate type 'vector<int>' cannot be initialized with an initializer list
        vector<int> array2 = { 10, 8, 6, 4, 2, 1 };
                    ^        ~~~~~~~~~~~~~~~~~~~~~
1 error generated.
make: *** [src/hello.o] Error 1
"make all" terminated with exit code 2. Build might be incomplete.
